\BOOKMARK [0][-]{chapter.1}{\376\377\000M\000a\000i\000n\000\040\000P\000a\000g\000e}{}% 1
\BOOKMARK [0][-]{chapter.2}{\376\377\000I\000M\000P\000O\000R\000T\000A\000N\000T\000\040\000M\000A\000C\000R\000O\000S}{}% 2
\BOOKMARK [0][-]{chapter.3}{\376\377\000M\000o\000d\000u\000l\000e\000\040\000I\000n\000d\000e\000x}{}% 3
\BOOKMARK [1][-]{section.3.1}{\376\377\000M\000o\000d\000u\000l\000e\000s}{chapter.3}% 4
\BOOKMARK [0][-]{chapter.4}{\376\377\000D\000a\000t\000a\000\040\000S\000t\000r\000u\000c\000t\000u\000r\000e\000\040\000I\000n\000d\000e\000x}{}% 5
\BOOKMARK [1][-]{section.4.1}{\376\377\000D\000a\000t\000a\000\040\000S\000t\000r\000u\000c\000t\000u\000r\000e\000s}{chapter.4}% 6
\BOOKMARK [0][-]{chapter.5}{\376\377\000F\000i\000l\000e\000\040\000I\000n\000d\000e\000x}{}% 7
\BOOKMARK [1][-]{section.5.1}{\376\377\000F\000i\000l\000e\000\040\000L\000i\000s\000t}{chapter.5}% 8
\BOOKMARK [0][-]{chapter.6}{\376\377\000M\000o\000d\000u\000l\000e\000\040\000D\000o\000c\000u\000m\000e\000n\000t\000a\000t\000i\000o\000n}{}% 9
\BOOKMARK [1][-]{section.6.1}{\376\377\000U\000S\000E\000R\000\137\000I\000N\000T\000E\000R\000F\000A\000C\000E}{chapter.6}% 10
\BOOKMARK [2][-]{subsection.6.1.1}{\376\377\000D\000e\000t\000a\000i\000l\000e\000d\000\040\000D\000e\000s\000c\000r\000i\000p\000t\000i\000o\000n}{section.6.1}% 11
\BOOKMARK [3][-]{subsubsection.6.1.1.1}{\376\377\000U\000S\000E\000R\000\040\000I\000N\000T\000E\000R\000F\000A\000C\000E}{subsection.6.1.1}% 12
\BOOKMARK [2][-]{subsection.6.1.2}{\376\377\000F\000u\000n\000c\000t\000i\000o\000n\000\040\000D\000o\000c\000u\000m\000e\000n\000t\000a\000t\000i\000o\000n}{section.6.1}% 13
\BOOKMARK [3][-]{subsubsection.6.1.2.1}{\376\377\000c\000o\000n\000f\000i\000g\000\137\000r\000e\000c\000h\000e\000c\000k}{subsection.6.1.2}% 14
\BOOKMARK [3][-]{subsubsection.6.1.2.2}{\376\377\000m\000a\000i\000n}{subsection.6.1.2}% 15
\BOOKMARK [3][-]{subsubsection.6.1.2.3}{\376\377\000r\000e\000a\000d\000i\000n\000g\000\137\000l\000o\000o\000p}{subsection.6.1.2}% 16
\BOOKMARK [3][-]{subsubsection.6.1.2.4}{\376\377\000s\000a\000v\000e\000\137\000t\000o\000\137\000f\000i\000l\000e}{subsection.6.1.2}% 17
\BOOKMARK [3][-]{subsubsection.6.1.2.5}{\376\377\000w\000a\000i\000t\000\137\000n\000e\000w\000\137\000c\000o\000n\000v\000e\000r\000s\000i\000o\000n}{subsection.6.1.2}% 18
\BOOKMARK [1][-]{section.6.2}{\376\377\000D\000E\000V\000I\000C\000E\000\137\000C\000O\000N\000F\000I\000G\000E\000R\000A\000T\000I\000O\000N}{chapter.6}% 19
\BOOKMARK [2][-]{subsection.6.2.1}{\376\377\000D\000e\000t\000a\000i\000l\000e\000d\000\040\000D\000e\000s\000c\000r\000i\000p\000t\000i\000o\000n}{section.6.2}% 20
\BOOKMARK [3][-]{subsubsection.6.2.1.1}{\376\377\000D\000E\000V\000I\000C\000E\000\040\000C\000O\000N\000F\000I\000G\000E\000R\000A\000T\000I\000O\000N}{subsection.6.2.1}% 21
\BOOKMARK [2][-]{subsection.6.2.2}{\376\377\000F\000u\000n\000c\000t\000i\000o\000n\000\040\000D\000o\000c\000u\000m\000e\000n\000t\000a\000t\000i\000o\000n}{section.6.2}% 22
\BOOKMARK [3][-]{subsubsection.6.2.2.1}{\376\377\000a\000d\000e\0007\0008\0008\0000\000\137\000c\000o\000n\000f\000i\000g\000\137\000r\000e\000g\000\137\000d\000e\000f\000a\000u\000l\000t}{subsection.6.2.2}% 23
\BOOKMARK [3][-]{subsubsection.6.2.2.2}{\376\377\000a\000d\000e\0007\0008\0008\0000\000\137\000p\000o\000w\000e\000r\000\137\000m\000o\000d\000e}{subsection.6.2.2}% 24
\BOOKMARK [3][-]{subsubsection.6.2.2.3}{\376\377\000c\000o\000n\000f\000i\000g\000\137\000c\000m\000d}{subsection.6.2.2}% 25
\BOOKMARK [3][-]{subsubsection.6.2.2.4}{\376\377\000r\000p\000i\000\137\000g\000p\000i\000o\000\137\000i\000n\000i\000t}{subsection.6.2.2}% 26
\BOOKMARK [3][-]{subsubsection.6.2.2.5}{\376\377\000s\000p\000i\000\137\000i\000n\000i\000t}{subsection.6.2.2}% 27
\BOOKMARK [1][-]{section.6.3}{\376\377\000S\000E\000R\000I\000A\000L\000\137\000I\000N\000T\000E\000R\000F\000A\000C\000E}{chapter.6}% 28
\BOOKMARK [2][-]{subsection.6.3.1}{\376\377\000D\000e\000t\000a\000i\000l\000e\000d\000\040\000D\000e\000s\000c\000r\000i\000p\000t\000i\000o\000n}{section.6.3}% 29
\BOOKMARK [3][-]{subsubsection.6.3.1.1}{\376\377\000S\000E\000R\000I\000A\000L\000\040\000I\000N\000T\000E\000R\000F\000A\000C\000E}{subsection.6.3.1}% 30
\BOOKMARK [2][-]{subsection.6.3.2}{\376\377\000S\000P\000I\000\040\000R\000e\000a\000d\000\040\000O\000p\000e\000r\000a\000t\000i\000o\000n\000\040\000p\000r\000o\000c\000e\000d\000u\000r\000e}{section.6.3}% 31
\BOOKMARK [2][-]{subsection.6.3.3}{\376\377\000S\000P\000I\000\040\000W\000i\000r\000t\000e\000\040\000O\000p\000e\000r\000a\000t\000i\000o\000n\000\040\000p\000r\000o\000c\000e\000d\000u\000r\000e}{section.6.3}% 32
\BOOKMARK [2][-]{subsection.6.3.4}{\376\377\000F\000u\000n\000c\000t\000i\000o\000n\000\040\000D\000o\000c\000u\000m\000e\000n\000t\000a\000t\000i\000o\000n}{section.6.3}% 33
\BOOKMARK [3][-]{subsubsection.6.3.4.1}{\376\377\000s\000p\000i\000\137\000r\000a\000m\000\137\000p\000r\000o\000t\000e\000c\000t\000i\000o\000n}{subsection.6.3.4}% 34
\BOOKMARK [3][-]{subsubsection.6.3.4.2}{\376\377\000s\000p\000i\000\137\000r\000d\000\137\000w\000r}{subsection.6.3.4}% 35
\BOOKMARK [3][-]{subsubsection.6.3.4.3}{\376\377\000s\000p\000i\000\137\000r\000e\000a\000d}{subsection.6.3.4}% 36
\BOOKMARK [3][-]{subsubsection.6.3.4.4}{\376\377\000s\000p\000i\000\137\000w\000r\000i\000t\000e}{subsection.6.3.4}% 37
\BOOKMARK [1][-]{section.6.4}{\376\377\000S\000E\000R\000V\000I\000C\000E}{chapter.6}% 38
\BOOKMARK [2][-]{subsection.6.4.1}{\376\377\000D\000e\000t\000a\000i\000l\000e\000d\000\040\000D\000e\000s\000c\000r\000i\000p\000t\000i\000o\000n}{section.6.4}% 39
\BOOKMARK [3][-]{subsubsection.6.4.1.1}{\376\377\000S\000E\000R\000V\000I\000C\000E}{subsection.6.4.1}% 40
\BOOKMARK [2][-]{subsection.6.4.2}{\376\377\000F\000u\000n\000c\000t\000i\000o\000n\000\040\000D\000o\000c\000u\000m\000e\000n\000t\000a\000t\000i\000o\000n}{section.6.4}% 41
\BOOKMARK [3][-]{subsubsection.6.4.2.1}{\376\377\000h\000e\000x\0002\000v\000a\000l}{subsection.6.4.2}% 42
\BOOKMARK [3][-]{subsubsection.6.4.2.2}{\376\377\000m\000a\000k\000e\0001\0006}{subsection.6.4.2}% 43
\BOOKMARK [3][-]{subsubsection.6.4.2.3}{\376\377\000m\000a\000k\000e\0008}{subsection.6.4.2}% 44
\BOOKMARK [3][-]{subsubsection.6.4.2.4}{\376\377\000m\000e\000a\000s\000u\000r\000e}{subsection.6.4.2}% 45
\BOOKMARK [0][-]{chapter.7}{\376\377\000D\000a\000t\000a\000\040\000S\000t\000r\000u\000c\000t\000u\000r\000e\000\040\000D\000o\000c\000u\000m\000e\000n\000t\000a\000t\000i\000o\000n}{}% 46
\BOOKMARK [1][-]{section.7.1}{\376\377\000a\000c\000c\000m\000o\000d\000e\000\137\000r\000e\000g\000\137\000u\000\040\000U\000n\000i\000o\000n\000\040\000R\000e\000f\000e\000r\000e\000n\000c\000e}{chapter.7}% 47
\BOOKMARK [2][-]{subsection.7.1.1}{\376\377\000D\000e\000t\000a\000i\000l\000e\000d\000\040\000D\000e\000s\000c\000r\000i\000p\000t\000i\000o\000n}{section.7.1}% 48
\BOOKMARK [2][-]{subsection.7.1.2}{\376\377\000F\000i\000e\000l\000d\000\040\000D\000o\000c\000u\000m\000e\000n\000t\000a\000t\000i\000o\000n}{section.7.1}% 49
\BOOKMARK [3][-]{subsubsection.7.1.2.1}{\376\377\000b\000i\000t\000s}{subsection.7.1.2}% 50
\BOOKMARK [3][-]{subsubsection.7.1.2.2}{\376\377\000C\000O\000N\000S\000E\000L}{subsection.7.1.2}% 51
\BOOKMARK [3][-]{subsubsection.7.1.2.3}{\376\377\000r\000e\000g\000\137\000a\000l\000l}{subsection.7.1.2}% 52
\BOOKMARK [3][-]{subsubsection.7.1.2.4}{\376\377\000R\000E\000S\000E\000R\000V\000E\000D}{subsection.7.1.2}% 53
\BOOKMARK [3][-]{subsubsection.7.1.2.5}{\376\377\000R\000E\000V\000A\000P\000S\000E\000L}{subsection.7.1.2}% 54
\BOOKMARK [3][-]{subsubsection.7.1.2.6}{\376\377\000V\000A\000R\000A\000C\000C}{subsection.7.1.2}% 55
\BOOKMARK [3][-]{subsubsection.7.1.2.7}{\376\377\000W\000A\000T\000T\000A\000C\000C}{subsection.7.1.2}% 56
\BOOKMARK [1][-]{section.7.2}{\376\377\000a\000d\000d\000r\000e\000s\000s\000\137\000b\000y\000t\000e\000\137\000u\000t\000\040\000U\000n\000i\000o\000n\000\040\000R\000e\000f\000e\000r\000e\000n\000c\000e}{chapter.7}% 57
\BOOKMARK [2][-]{subsection.7.2.1}{\376\377\000D\000e\000t\000a\000i\000l\000e\000d\000\040\000D\000e\000s\000c\000r\000i\000p\000t\000i\000o\000n}{section.7.2}% 58
\BOOKMARK [2][-]{subsection.7.2.2}{\376\377\000F\000i\000e\000l\000d\000\040\000D\000o\000c\000u\000m\000e\000n\000t\000a\000t\000i\000o\000n}{section.7.2}% 59
\BOOKMARK [3][-]{subsubsection.7.2.2.1}{\376\377\000a\000d\000d\000r\000e\000s\000s\000\137\000a\000l\000l}{subsection.7.2.2}% 60
\BOOKMARK [3][-]{subsubsection.7.2.2.2}{\376\377\000b\000i\000t\000s}{subsection.7.2.2}% 61
\BOOKMARK [3][-]{subsubsection.7.2.2.3}{\376\377\000c\000h\000i\000p\000\137\000a\000d\000d\000r\000e\000s\000s}{subsection.7.2.2}% 62
\BOOKMARK [3][-]{subsubsection.7.2.2.4}{\376\377\000R\000D\000\137\000W\000R}{subsection.7.2.2}% 63
\BOOKMARK [1][-]{section.7.3}{\376\377\000a\000d\000e\0007\0008\0008\0000\000\137\000r\000a\000m\000\137\000l\000o\000c\000k\000\137\000m\000s\000g\000\137\000u\000t\000\040\000U\000n\000i\000o\000n\000\040\000R\000e\000f\000e\000r\000e\000n\000c\000e}{chapter.7}% 64
\BOOKMARK [2][-]{subsection.7.3.1}{\376\377\000D\000e\000t\000a\000i\000l\000e\000d\000\040\000D\000e\000s\000c\000r\000i\000p\000t\000i\000o\000n}{section.7.3}% 65
\BOOKMARK [2][-]{subsection.7.3.2}{\376\377\000M\000e\000m\000b\000e\000r\000\040\000F\000u\000n\000c\000t\000i\000o\000n\000\040\000D\000o\000c\000u\000m\000e\000n\000t\000a\000t\000i\000o\000n}{section.7.3}% 66
\BOOKMARK [3][-]{subsubsection.7.3.2.1}{\376\377\000\137\000\137\000a\000t\000t\000r\000i\000b\000u\000t\000e\000\137\000\137}{subsection.7.3.2}% 67
\BOOKMARK [3][-]{subsubsection.7.3.2.2}{\376\377\000\137\000\137\000a\000t\000t\000r\000i\000b\000u\000t\000e\000\137\000\137}{subsection.7.3.2}% 68
\BOOKMARK [2][-]{subsection.7.3.3}{\376\377\000F\000i\000e\000l\000d\000\040\000D\000o\000c\000u\000m\000e\000n\000t\000a\000t\000i\000o\000n}{section.7.3}% 69
\BOOKMARK [3][-]{subsubsection.7.3.3.1}{\376\377\000a\000d\000d\000r\000e\000s\000s\000\137\000b\000y\000t\000e}{subsection.7.3.3}% 70
\BOOKMARK [3][-]{subsubsection.7.3.3.2}{\376\377\000v\000a\000l\000u\000e}{subsection.7.3.3}% 71
\BOOKMARK [1][-]{section.7.4}{\376\377\000a\000d\000e\0007\0008\0008\0000\000\137\000r\000e\000a\000d\0001\0006\000\137\000t\000x\000\137\000b\000u\000f\000f\000\137\000u\000t\000\040\000U\000n\000i\000o\000n\000\040\000R\000e\000f\000e\000r\000e\000n\000c\000e}{chapter.7}% 72
\BOOKMARK [2][-]{subsection.7.4.1}{\376\377\000D\000e\000t\000a\000i\000l\000e\000d\000\040\000D\000e\000s\000c\000r\000i\000p\000t\000i\000o\000n}{section.7.4}% 73
\BOOKMARK [2][-]{subsection.7.4.2}{\376\377\000M\000e\000m\000b\000e\000r\000\040\000F\000u\000n\000c\000t\000i\000o\000n\000\040\000D\000o\000c\000u\000m\000e\000n\000t\000a\000t\000i\000o\000n}{section.7.4}% 74
\BOOKMARK [3][-]{subsubsection.7.4.2.1}{\376\377\000\137\000\137\000a\000t\000t\000r\000i\000b\000u\000t\000e\000\137\000\137}{subsection.7.4.2}% 75
\BOOKMARK [3][-]{subsubsection.7.4.2.2}{\376\377\000\137\000\137\000a\000t\000t\000r\000i\000b\000u\000t\000e\000\137\000\137}{subsection.7.4.2}% 76
\BOOKMARK [2][-]{subsection.7.4.3}{\376\377\000F\000i\000e\000l\000d\000\040\000D\000o\000c\000u\000m\000e\000n\000t\000a\000t\000i\000o\000n}{section.7.4}% 77
\BOOKMARK [3][-]{subsubsection.7.4.3.1}{\376\377\000a\000d\000d\000r\000e\000s\000s\000\137\000b\000y\000t\000e}{subsection.7.4.3}% 78
\BOOKMARK [1][-]{section.7.5}{\376\377\000a\000d\000e\0007\0008\0008\0000\000\137\000r\000e\000a\000d\0003\0002\000\137\000t\000x\000\137\000b\000u\000f\000f\000\137\000u\000t\000\040\000U\000n\000i\000o\000n\000\040\000R\000e\000f\000e\000r\000e\000n\000c\000e}{chapter.7}% 79
\BOOKMARK [2][-]{subsection.7.5.1}{\376\377\000D\000e\000t\000a\000i\000l\000e\000d\000\040\000D\000e\000s\000c\000r\000i\000p\000t\000i\000o\000n}{section.7.5}% 80
\BOOKMARK [2][-]{subsection.7.5.2}{\376\377\000M\000e\000m\000b\000e\000r\000\040\000F\000u\000n\000c\000t\000i\000o\000n\000\040\000D\000o\000c\000u\000m\000e\000n\000t\000a\000t\000i\000o\000n}{section.7.5}% 81
\BOOKMARK [3][-]{subsubsection.7.5.2.1}{\376\377\000\137\000\137\000a\000t\000t\000r\000i\000b\000u\000t\000e\000\137\000\137}{subsection.7.5.2}% 82
\BOOKMARK [3][-]{subsubsection.7.5.2.2}{\376\377\000\137\000\137\000a\000t\000t\000r\000i\000b\000u\000t\000e\000\137\000\137}{subsection.7.5.2}% 83
\BOOKMARK [2][-]{subsection.7.5.3}{\376\377\000F\000i\000e\000l\000d\000\040\000D\000o\000c\000u\000m\000e\000n\000t\000a\000t\000i\000o\000n}{section.7.5}% 84
\BOOKMARK [3][-]{subsubsection.7.5.3.1}{\376\377\000a\000d\000d\000r\000e\000s\000s\000\137\000b\000y\000t\000e}{subsection.7.5.3}% 85
\BOOKMARK [1][-]{section.7.6}{\376\377\000a\000d\000e\0007\0008\0008\0000\000\137\000r\000e\000a\000d\0008\000\137\000t\000x\000\137\000b\000u\000f\000f\000\137\000u\000t\000\040\000U\000n\000i\000o\000n\000\040\000R\000e\000f\000e\000r\000e\000n\000c\000e}{chapter.7}% 86
\BOOKMARK [2][-]{subsection.7.6.1}{\376\377\000D\000e\000t\000a\000i\000l\000e\000d\000\040\000D\000e\000s\000c\000r\000i\000p\000t\000i\000o\000n}{section.7.6}% 87
\BOOKMARK [2][-]{subsection.7.6.2}{\376\377\000M\000e\000m\000b\000e\000r\000\040\000F\000u\000n\000c\000t\000i\000o\000n\000\040\000D\000o\000c\000u\000m\000e\000n\000t\000a\000t\000i\000o\000n}{section.7.6}% 88
\BOOKMARK [3][-]{subsubsection.7.6.2.1}{\376\377\000\137\000\137\000a\000t\000t\000r\000i\000b\000u\000t\000e\000\137\000\137}{subsection.7.6.2}% 89
\BOOKMARK [3][-]{subsubsection.7.6.2.2}{\376\377\000\137\000\137\000a\000t\000t\000r\000i\000b\000u\000t\000e\000\137\000\137}{subsection.7.6.2}% 90
\BOOKMARK [2][-]{subsection.7.6.3}{\376\377\000F\000i\000e\000l\000d\000\040\000D\000o\000c\000u\000m\000e\000n\000t\000a\000t\000i\000o\000n}{section.7.6}% 91
\BOOKMARK [3][-]{subsubsection.7.6.3.1}{\376\377\000a\000d\000d\000r\000e\000s\000s\000\137\000b\000y\000t\000e}{subsection.7.6.3}% 92
\BOOKMARK [3][-]{subsubsection.7.6.3.2}{\376\377\000r\000c\000\137\000a\000r\000g}{subsection.7.6.3}% 93
\BOOKMARK [1][-]{section.7.7}{\376\377\000a\000d\000e\0007\0008\0008\0000\000\137\000r\000e\000a\000d\000\137\000t\000x\000\137\000b\000u\000f\000f\000\137\000u\000t\000\040\000U\000n\000i\000o\000n\000\040\000R\000e\000f\000e\000r\000e\000n\000c\000e}{chapter.7}% 94
\BOOKMARK [2][-]{subsection.7.7.1}{\376\377\000D\000e\000t\000a\000i\000l\000e\000d\000\040\000D\000e\000s\000c\000r\000i\000p\000t\000i\000o\000n}{section.7.7}% 95
\BOOKMARK [2][-]{subsection.7.7.2}{\376\377\000M\000e\000m\000b\000e\000r\000\040\000F\000u\000n\000c\000t\000i\000o\000n\000\040\000D\000o\000c\000u\000m\000e\000n\000t\000a\000t\000i\000o\000n}{section.7.7}% 96
\BOOKMARK [3][-]{subsubsection.7.7.2.1}{\376\377\000\137\000\137\000a\000t\000t\000r\000i\000b\000u\000t\000e\000\137\000\137}{subsection.7.7.2}% 97
\BOOKMARK [3][-]{subsubsection.7.7.2.2}{\376\377\000\137\000\137\000a\000t\000t\000r\000i\000b\000u\000t\000e\000\137\000\137}{subsection.7.7.2}% 98
\BOOKMARK [2][-]{subsection.7.7.3}{\376\377\000F\000i\000e\000l\000d\000\040\000D\000o\000c\000u\000m\000e\000n\000t\000a\000t\000i\000o\000n}{section.7.7}% 99
\BOOKMARK [3][-]{subsubsection.7.7.3.1}{\376\377\000a\000d\000d\000r\000e\000s\000s\000\137\000b\000y\000t\000e}{subsection.7.7.3}% 100
\BOOKMARK [3][-]{subsubsection.7.7.3.2}{\376\377\000r\000e\000g\0001\0006}{subsection.7.7.3}% 101
\BOOKMARK [3][-]{subsubsection.7.7.3.3}{\376\377\000r\000e\000g\0003\0002}{subsection.7.7.3}% 102
\BOOKMARK [3][-]{subsubsection.7.7.3.4}{\376\377\000r\000e\000g\0008}{subsection.7.7.3}% 103
\BOOKMARK [1][-]{section.7.8}{\376\377\000a\000d\000e\0007\0008\0008\0000\000\137\000w\000r\000i\000t\000e\0001\0006\000\137\000t\000x\000\137\000b\000u\000f\000f\000\137\000u\000t\000\040\000U\000n\000i\000o\000n\000\040\000R\000e\000f\000e\000r\000e\000n\000c\000e}{chapter.7}% 104
\BOOKMARK [2][-]{subsection.7.8.1}{\376\377\000D\000e\000t\000a\000i\000l\000e\000d\000\040\000D\000e\000s\000c\000r\000i\000p\000t\000i\000o\000n}{section.7.8}% 105
\BOOKMARK [2][-]{subsection.7.8.2}{\376\377\000M\000e\000m\000b\000e\000r\000\040\000F\000u\000n\000c\000t\000i\000o\000n\000\040\000D\000o\000c\000u\000m\000e\000n\000t\000a\000t\000i\000o\000n}{section.7.8}% 106
\BOOKMARK [3][-]{subsubsection.7.8.2.1}{\376\377\000\137\000\137\000a\000t\000t\000r\000i\000b\000u\000t\000e\000\137\000\137}{subsection.7.8.2}% 107
\BOOKMARK [3][-]{subsubsection.7.8.2.2}{\376\377\000\137\000\137\000a\000t\000t\000r\000i\000b\000u\000t\000e\000\137\000\137}{subsection.7.8.2}% 108
\BOOKMARK [2][-]{subsection.7.8.3}{\376\377\000F\000i\000e\000l\000d\000\040\000D\000o\000c\000u\000m\000e\000n\000t\000a\000t\000i\000o\000n}{section.7.8}% 109
\BOOKMARK [3][-]{subsubsection.7.8.3.1}{\376\377\000a\000d\000d\000r\000e\000s\000s\000\137\000b\000y\000t\000e}{subsection.7.8.3}% 110
\BOOKMARK [1][-]{section.7.9}{\376\377\000a\000d\000e\0007\0008\0008\0000\000\137\000w\000r\000i\000t\000e\0003\0002\000\137\000t\000x\000\137\000b\000u\000f\000f\000\137\000u\000t\000\040\000U\000n\000i\000o\000n\000\040\000R\000e\000f\000e\000r\000e\000n\000c\000e}{chapter.7}% 111
\BOOKMARK [2][-]{subsection.7.9.1}{\376\377\000D\000e\000t\000a\000i\000l\000e\000d\000\040\000D\000e\000s\000c\000r\000i\000p\000t\000i\000o\000n}{section.7.9}% 112
\BOOKMARK [2][-]{subsection.7.9.2}{\376\377\000M\000e\000m\000b\000e\000r\000\040\000F\000u\000n\000c\000t\000i\000o\000n\000\040\000D\000o\000c\000u\000m\000e\000n\000t\000a\000t\000i\000o\000n}{section.7.9}% 113
\BOOKMARK [3][-]{subsubsection.7.9.2.1}{\376\377\000\137\000\137\000a\000t\000t\000r\000i\000b\000u\000t\000e\000\137\000\137}{subsection.7.9.2}% 114
\BOOKMARK [3][-]{subsubsection.7.9.2.2}{\376\377\000\137\000\137\000a\000t\000t\000r\000i\000b\000u\000t\000e\000\137\000\137}{subsection.7.9.2}% 115
\BOOKMARK [2][-]{subsection.7.9.3}{\376\377\000F\000i\000e\000l\000d\000\040\000D\000o\000c\000u\000m\000e\000n\000t\000a\000t\000i\000o\000n}{section.7.9}% 116
\BOOKMARK [3][-]{subsubsection.7.9.3.1}{\376\377\000a\000d\000d\000r\000e\000s\000s\000\137\000b\000y\000t\000e}{subsection.7.9.3}% 117
\BOOKMARK [1][-]{section.7.10}{\376\377\000a\000d\000e\0007\0008\0008\0000\000\137\000w\000r\000i\000t\000e\0008\000\137\000t\000x\000\137\000b\000u\000f\000f\000\137\000u\000t\000\040\000U\000n\000i\000o\000n\000\040\000R\000e\000f\000e\000r\000e\000n\000c\000e}{chapter.7}% 118
\BOOKMARK [2][-]{subsection.7.10.1}{\376\377\000D\000e\000t\000a\000i\000l\000e\000d\000\040\000D\000e\000s\000c\000r\000i\000p\000t\000i\000o\000n}{section.7.10}% 119
\BOOKMARK [2][-]{subsection.7.10.2}{\376\377\000M\000e\000m\000b\000e\000r\000\040\000F\000u\000n\000c\000t\000i\000o\000n\000\040\000D\000o\000c\000u\000m\000e\000n\000t\000a\000t\000i\000o\000n}{section.7.10}% 120
\BOOKMARK [3][-]{subsubsection.7.10.2.1}{\376\377\000\137\000\137\000a\000t\000t\000r\000i\000b\000u\000t\000e\000\137\000\137}{subsection.7.10.2}% 121
\BOOKMARK [3][-]{subsubsection.7.10.2.2}{\376\377\000\137\000\137\000a\000t\000t\000r\000i\000b\000u\000t\000e\000\137\000\137}{subsection.7.10.2}% 122
\BOOKMARK [2][-]{subsection.7.10.3}{\376\377\000F\000i\000e\000l\000d\000\040\000D\000o\000c\000u\000m\000e\000n\000t\000a\000t\000i\000o\000n}{section.7.10}% 123
\BOOKMARK [3][-]{subsubsection.7.10.3.1}{\376\377\000a\000d\000d\000r\000e\000s\000s\000\137\000b\000y\000t\000e}{subsection.7.10.3}% 124
\BOOKMARK [3][-]{subsubsection.7.10.3.2}{\376\377\000r\000e\000g\0008}{subsection.7.10.3}% 125
\BOOKMARK [3][-]{subsubsection.7.10.3.3}{\376\377\000t\000a\000r\000g\000e\000t\000\137\000r\000e\000g\000i\000s\000t\000e\000r}{subsection.7.10.3}% 126
\BOOKMARK [3][-]{subsubsection.7.10.3.4}{\376\377\000v\000a\000l\000u\000e}{subsection.7.10.3}% 127
\BOOKMARK [1][-]{section.7.11}{\376\377\000a\000d\000e\0007\0008\0008\0000\000\137\000w\000r\000i\000t\000e\000\137\000t\000x\000\137\000b\000u\000f\000f\000\137\000u\000t\000\040\000U\000n\000i\000o\000n\000\040\000R\000e\000f\000e\000r\000e\000n\000c\000e}{chapter.7}% 128
\BOOKMARK [2][-]{subsection.7.11.1}{\376\377\000D\000e\000t\000a\000i\000l\000e\000d\000\040\000D\000e\000s\000c\000r\000i\000p\000t\000i\000o\000n}{section.7.11}% 129
\BOOKMARK [2][-]{subsection.7.11.2}{\376\377\000M\000e\000m\000b\000e\000r\000\040\000F\000u\000n\000c\000t\000i\000o\000n\000\040\000D\000o\000c\000u\000m\000e\000n\000t\000a\000t\000i\000o\000n}{section.7.11}% 130
\BOOKMARK [3][-]{subsubsection.7.11.2.1}{\376\377\000\137\000\137\000a\000t\000t\000r\000i\000b\000u\000t\000e\000\137\000\137}{subsection.7.11.2}% 131
\BOOKMARK [3][-]{subsubsection.7.11.2.2}{\376\377\000\137\000\137\000a\000t\000t\000r\000i\000b\000u\000t\000e\000\137\000\137}{subsection.7.11.2}% 132
\BOOKMARK [2][-]{subsection.7.11.3}{\376\377\000F\000i\000e\000l\000d\000\040\000D\000o\000c\000u\000m\000e\000n\000t\000a\000t\000i\000o\000n}{section.7.11}% 133
\BOOKMARK [3][-]{subsubsection.7.11.3.1}{\376\377\000a\000d\000d\000r\000e\000s\000s\000\137\000b\000y\000t\000e}{subsection.7.11.3}% 134
\BOOKMARK [3][-]{subsubsection.7.11.3.2}{\376\377\000r\000e\000g\0001\0006}{subsection.7.11.3}% 135
\BOOKMARK [3][-]{subsubsection.7.11.3.3}{\376\377\000r\000e\000g\0003\0002}{subsection.7.11.3}% 136
\BOOKMARK [3][-]{subsubsection.7.11.3.4}{\376\377\000r\000e\000g\0008}{subsection.7.11.3}% 137
\BOOKMARK [1][-]{section.7.12}{\376\377\000c\000o\000m\000p\000m\000o\000d\000e\000\137\000r\000e\000g\000\137\000u\000\040\000U\000n\000i\000o\000n\000\040\000R\000e\000f\000e\000r\000e\000n\000c\000e}{chapter.7}% 138
\BOOKMARK [2][-]{subsection.7.12.1}{\376\377\000D\000e\000t\000a\000i\000l\000e\000d\000\040\000D\000e\000s\000c\000r\000i\000p\000t\000i\000o\000n}{section.7.12}% 139
\BOOKMARK [2][-]{subsection.7.12.2}{\376\377\000F\000i\000e\000l\000d\000\040\000D\000o\000c\000u\000m\000e\000n\000t\000a\000t\000i\000o\000n}{section.7.12}% 140
\BOOKMARK [3][-]{subsubsection.7.12.2.1}{\376\377\000A\000N\000G\000L\000E\000S\000E\000L}{subsection.7.12.2}% 141
\BOOKMARK [3][-]{subsubsection.7.12.2.2}{\376\377\000b\000i\000t\000s}{subsection.7.12.2}% 142
\BOOKMARK [3][-]{subsubsection.7.12.2.3}{\376\377\000r\000e\000g\000\137\000a\000l\000l}{subsection.7.12.2}% 143
\BOOKMARK [3][-]{subsubsection.7.12.2.4}{\376\377\000R\000E\000S\000E\000R\000V\000E\000D}{subsection.7.12.2}% 144
\BOOKMARK [3][-]{subsubsection.7.12.2.5}{\376\377\000S\000E\000L\000F\000R\000E\000Q}{subsection.7.12.2}% 145
\BOOKMARK [3][-]{subsubsection.7.12.2.6}{\376\377\000T\000E\000R\000M\000S\000E\000L\0001\000\137\0000}{subsection.7.12.2}% 146
\BOOKMARK [3][-]{subsubsection.7.12.2.7}{\376\377\000T\000E\000R\000M\000S\000E\000L\0001\000\137\0001}{subsection.7.12.2}% 147
\BOOKMARK [3][-]{subsubsection.7.12.2.8}{\376\377\000T\000E\000R\000M\000S\000E\000L\0001\000\137\0002}{subsection.7.12.2}% 148
\BOOKMARK [3][-]{subsubsection.7.12.2.9}{\376\377\000T\000E\000R\000M\000S\000E\000L\0002\000\137\0000}{subsection.7.12.2}% 149
\BOOKMARK [3][-]{subsubsection.7.12.2.10}{\376\377\000T\000E\000R\000M\000S\000E\000L\0002\000\137\0001}{subsection.7.12.2}% 150
\BOOKMARK [3][-]{subsubsection.7.12.2.11}{\376\377\000T\000E\000R\000M\000S\000E\000L\0002\000\137\0002}{subsection.7.12.2}% 151
\BOOKMARK [3][-]{subsubsection.7.12.2.12}{\376\377\000T\000E\000R\000M\000S\000E\000L\0003\000\137\0000}{subsection.7.12.2}% 152
\BOOKMARK [3][-]{subsubsection.7.12.2.13}{\376\377\000T\000E\000R\000M\000S\000E\000L\0003\000\137\0001}{subsection.7.12.2}% 153
\BOOKMARK [3][-]{subsubsection.7.12.2.14}{\376\377\000T\000E\000R\000M\000S\000E\000L\0003\000\137\0002}{subsection.7.12.2}% 154
\BOOKMARK [3][-]{subsubsection.7.12.2.15}{\376\377\000V\000N\000O\000M\000A\000E\000N}{subsection.7.12.2}% 155
\BOOKMARK [3][-]{subsubsection.7.12.2.16}{\376\377\000V\000N\000O\000M\000B\000E\000N}{subsection.7.12.2}% 156
\BOOKMARK [3][-]{subsubsection.7.12.2.17}{\376\377\000V\000N\000O\000M\000C\000E\000N}{subsection.7.12.2}% 157
\BOOKMARK [1][-]{section.7.13}{\376\377\000c\000o\000n\000f\000i\000g\0002\000\137\000r\000e\000g\000\137\000u\000\040\000U\000n\000i\000o\000n\000\040\000R\000e\000f\000e\000r\000e\000n\000c\000e}{chapter.7}% 158
\BOOKMARK [2][-]{subsection.7.13.1}{\376\377\000D\000e\000t\000a\000i\000l\000e\000d\000\040\000D\000e\000s\000c\000r\000i\000p\000t\000i\000o\000n}{section.7.13}% 159
\BOOKMARK [2][-]{subsection.7.13.2}{\376\377\000F\000i\000e\000l\000d\000\040\000D\000o\000c\000u\000m\000e\000n\000t\000a\000t\000i\000o\000n}{section.7.13}% 160
\BOOKMARK [3][-]{subsubsection.7.13.2.1}{\376\377\000b\000i\000t\000s}{subsection.7.13.2}% 161
\BOOKMARK [3][-]{subsubsection.7.13.2.2}{\376\377\000E\000X\000T\000R\000E\000F\000E\000N}{subsection.7.13.2}% 162
\BOOKMARK [3][-]{subsubsection.7.13.2.3}{\376\377\000I\0002\000C\000\137\000L\000O\000C\000K}{subsection.7.13.2}% 163
\BOOKMARK [3][-]{subsubsection.7.13.2.4}{\376\377\000r\000e\000g\000\137\000a\000l\000l}{subsection.7.13.2}% 164
\BOOKMARK [3][-]{subsubsection.7.13.2.5}{\376\377\000R\000E\000S\000E\000R\000V\000E\000D}{subsection.7.13.2}% 165
\BOOKMARK [1][-]{section.7.14}{\376\377\000c\000o\000n\000f\000i\000g\0003\000\137\000r\000e\000g\000\137\000u\000\040\000U\000n\000i\000o\000n\000\040\000R\000e\000f\000e\000r\000e\000n\000c\000e}{chapter.7}% 166
\BOOKMARK [2][-]{subsection.7.14.1}{\376\377\000D\000e\000t\000a\000i\000l\000e\000d\000\040\000D\000e\000s\000c\000r\000i\000p\000t\000i\000o\000n}{section.7.14}% 167
\BOOKMARK [2][-]{subsection.7.14.2}{\376\377\000F\000i\000e\000l\000d\000\040\000D\000o\000c\000u\000m\000e\000n\000t\000a\000t\000i\000o\000n}{section.7.14}% 168
\BOOKMARK [3][-]{subsubsection.7.14.2.1}{\376\377\000b\000i\000t\000s}{subsection.7.14.2}% 169
\BOOKMARK [3][-]{subsubsection.7.14.2.2}{\376\377\000H\000P\000F\000E\000N}{subsection.7.14.2}% 170
\BOOKMARK [3][-]{subsubsection.7.14.2.3}{\376\377\000I\000N\000I\000N\000T\000E\000N}{subsection.7.14.2}% 171
\BOOKMARK [3][-]{subsubsection.7.14.2.4}{\376\377\000I\000N\000S\000E\000L}{subsection.7.14.2}% 172
\BOOKMARK [3][-]{subsubsection.7.14.2.5}{\376\377\000L\000P\000F\000S\000E\000L}{subsection.7.14.2}% 173
\BOOKMARK [3][-]{subsubsection.7.14.2.6}{\376\377\000r\000e\000g\000\137\000a\000l\000l}{subsection.7.14.2}% 174
\BOOKMARK [3][-]{subsubsection.7.14.2.7}{\376\377\000R\000E\000S\000E\000R\000V\000E\000D}{subsection.7.14.2}% 175
\BOOKMARK [3][-]{subsubsection.7.14.2.8}{\376\377\000R\000E\000S\000E\000R\000V\000E\000D\0002}{subsection.7.14.2}% 176
\BOOKMARK [1][-]{section.7.15}{\376\377\000c\000o\000n\000f\000i\000g\000\137\000r\000e\000g\000\137\000u\000\040\000U\000n\000i\000o\000n\000\040\000R\000e\000f\000e\000r\000e\000n\000c\000e}{chapter.7}% 177
\BOOKMARK [2][-]{subsection.7.15.1}{\376\377\000D\000e\000t\000a\000i\000l\000e\000d\000\040\000D\000e\000s\000c\000r\000i\000p\000t\000i\000o\000n}{section.7.15}% 178
\BOOKMARK [2][-]{subsection.7.15.2}{\376\377\000F\000i\000e\000l\000d\000\040\000D\000o\000c\000u\000m\000e\000n\000t\000a\000t\000i\000o\000n}{section.7.15}% 179
\BOOKMARK [3][-]{subsubsection.7.15.2.1}{\376\377\000b\000i\000t\000s}{subsection.7.15.2}% 180
\BOOKMARK [3][-]{subsubsection.7.15.2.2}{\376\377\000C\000F\0002\000D\000I\000S}{subsection.7.15.2}% 181
\BOOKMARK [3][-]{subsubsection.7.15.2.3}{\376\377\000H\000S\000D\000C\000E\000N}{subsection.7.15.2}% 182
\BOOKMARK [3][-]{subsubsection.7.15.2.4}{\376\377\000I\000N\000T\000E\000N}{subsection.7.15.2}% 183
\BOOKMARK [3][-]{subsubsection.7.15.2.5}{\376\377\000M\000O\000D\0001\000S\000H\000O\000R\000T}{subsection.7.15.2}% 184
\BOOKMARK [3][-]{subsubsection.7.15.2.6}{\376\377\000M\000O\000D\0002\000S\000H\000O\000R\000T}{subsection.7.15.2}% 185
\BOOKMARK [3][-]{subsubsection.7.15.2.7}{\376\377\000r\000e\000g\000\137\000a\000l\000l}{subsection.7.15.2}% 186
\BOOKMARK [3][-]{subsubsection.7.15.2.8}{\376\377\000R\000E\000S\000E\000R\000V\000E\000D}{subsection.7.15.2}% 187
\BOOKMARK [3][-]{subsubsection.7.15.2.9}{\376\377\000R\000E\000S\000E\000R\000V\000E\000D\0002}{subsection.7.15.2}% 188
\BOOKMARK [3][-]{subsubsection.7.15.2.10}{\376\377\000S\000W\000A\000P}{subsection.7.15.2}% 189
\BOOKMARK [3][-]{subsubsection.7.15.2.11}{\376\377\000S\000W\000R\000S\000T}{subsection.7.15.2}% 190
\BOOKMARK [3][-]{subsubsection.7.15.2.12}{\376\377\000V\000T\000O\000I\000A}{subsection.7.15.2}% 191
\BOOKMARK [3][-]{subsubsection.7.15.2.13}{\376\377\000V\000T\000O\000I\000B}{subsection.7.15.2}% 192
\BOOKMARK [3][-]{subsubsection.7.15.2.14}{\376\377\000V\000T\000O\000I\000C}{subsection.7.15.2}% 193
\BOOKMARK [1][-]{section.7.16}{\376\377\000g\000a\000i\000n\000\137\000r\000e\000g\000\137\000u\000\040\000U\000n\000i\000o\000n\000\040\000R\000e\000f\000e\000r\000e\000n\000c\000e}{chapter.7}% 194
\BOOKMARK [2][-]{subsection.7.16.1}{\376\377\000D\000e\000t\000a\000i\000l\000e\000d\000\040\000D\000e\000s\000c\000r\000i\000p\000t\000i\000o\000n}{section.7.16}% 195
\BOOKMARK [2][-]{subsection.7.16.2}{\376\377\000F\000i\000e\000l\000d\000\040\000D\000o\000c\000u\000m\000e\000n\000t\000a\000t\000i\000o\000n}{section.7.16}% 196
\BOOKMARK [3][-]{subsubsection.7.16.2.1}{\376\377\000b\000i\000t\000s}{subsection.7.16.2}% 197
\BOOKMARK [3][-]{subsubsection.7.16.2.2}{\376\377\000r\000e\000g\000\137\000a\000l\000l}{subsection.7.16.2}% 198
\BOOKMARK [1][-]{section.7.17}{\376\377\000l\000c\000y\000c\000m\000o\000d\000e\000\137\000r\000e\000g\000\137\000u\000\040\000U\000n\000i\000o\000n\000\040\000R\000e\000f\000e\000r\000e\000n\000c\000e}{chapter.7}% 199
\BOOKMARK [2][-]{subsection.7.17.1}{\376\377\000D\000e\000t\000a\000i\000l\000e\000d\000\040\000D\000e\000s\000c\000r\000i\000p\000t\000i\000o\000n}{section.7.17}% 200
\BOOKMARK [2][-]{subsection.7.17.2}{\376\377\000F\000i\000e\000l\000d\000\040\000D\000o\000c\000u\000m\000e\000n\000t\000a\000t\000i\000o\000n}{section.7.17}% 201
\BOOKMARK [3][-]{subsubsection.7.17.2.1}{\376\377\000b\000i\000t\000s}{subsection.7.17.2}% 202
\BOOKMARK [3][-]{subsubsection.7.17.2.2}{\376\377\000L\000V\000A}{subsection.7.17.2}% 203
\BOOKMARK [3][-]{subsubsection.7.17.2.3}{\376\377\000L\000V\000A\000R}{subsection.7.17.2}% 204
\BOOKMARK [3][-]{subsubsection.7.17.2.4}{\376\377\000L\000W\000A\000T\000T}{subsection.7.17.2}% 205
\BOOKMARK [3][-]{subsubsection.7.17.2.5}{\376\377\000P\000F\000M\000O\000D\000E}{subsection.7.17.2}% 206
\BOOKMARK [3][-]{subsubsection.7.17.2.6}{\376\377\000r\000e\000g\000\137\000a\000l\000l}{subsection.7.17.2}% 207
\BOOKMARK [3][-]{subsubsection.7.17.2.7}{\376\377\000R\000S\000T\000R\000E\000A\000D}{subsection.7.17.2}% 208
\BOOKMARK [3][-]{subsubsection.7.17.2.8}{\376\377\000Z\000X\000S\000E\000L\000\137\000A}{subsection.7.17.2}% 209
\BOOKMARK [3][-]{subsubsection.7.17.2.9}{\376\377\000Z\000X\000S\000E\000L\000\137\000B}{subsection.7.17.2}% 210
\BOOKMARK [3][-]{subsubsection.7.17.2.10}{\376\377\000Z\000X\000S\000E\000L\000\137\000C}{subsection.7.17.2}% 211
\BOOKMARK [1][-]{section.7.18}{\376\377\000m\000a\000s\000k\0000\000\137\000r\000e\000g\000\137\000u\000\040\000U\000n\000i\000o\000n\000\040\000R\000e\000f\000e\000r\000e\000n\000c\000e}{chapter.7}% 212
\BOOKMARK [2][-]{subsection.7.18.1}{\376\377\000D\000e\000t\000a\000i\000l\000e\000d\000\040\000D\000e\000s\000c\000r\000i\000p\000t\000i\000o\000n}{section.7.18}% 213
\BOOKMARK [2][-]{subsection.7.18.2}{\376\377\000F\000i\000e\000l\000d\000\040\000D\000o\000c\000u\000m\000e\000n\000t\000a\000t\000i\000o\000n}{section.7.18}% 214
\BOOKMARK [3][-]{subsubsection.7.18.2.1}{\376\377\000b\000i\000t\000s}{subsection.7.18.2}% 215
\BOOKMARK [3][-]{subsubsection.7.18.2.2}{\376\377\000r\000e\000g\000\137\000a\000l\000l}{subsection.7.18.2}% 216
\BOOKMARK [1][-]{section.7.19}{\376\377\000m\000a\000s\000k\0001\000\137\000r\000e\000g\000\137\000u\000\040\000U\000n\000i\000o\000n\000\040\000R\000e\000f\000e\000r\000e\000n\000c\000e}{chapter.7}% 217
\BOOKMARK [2][-]{subsection.7.19.1}{\376\377\000D\000e\000t\000a\000i\000l\000e\000d\000\040\000D\000e\000s\000c\000r\000i\000p\000t\000i\000o\000n}{section.7.19}% 218
\BOOKMARK [2][-]{subsection.7.19.2}{\376\377\000F\000i\000e\000l\000d\000\040\000D\000o\000c\000u\000m\000e\000n\000t\000a\000t\000i\000o\000n}{section.7.19}% 219
\BOOKMARK [3][-]{subsubsection.7.19.2.1}{\376\377\000b\000i\000t\000s}{subsection.7.19.2}% 220
\BOOKMARK [3][-]{subsubsection.7.19.2.2}{\376\377\000C\000R\000C}{subsection.7.19.2}% 221
\BOOKMARK [3][-]{subsubsection.7.19.2.3}{\376\377\000N\000O\000T\000\137\000U\000S\000E\000D}{subsection.7.19.2}% 222
\BOOKMARK [3][-]{subsubsection.7.19.2.4}{\376\377\000r\000e\000g\000\137\000a\000l\000l}{subsection.7.19.2}% 223
\BOOKMARK [3][-]{subsubsection.7.19.2.5}{\376\377\000R\000E\000S\000E\000R\000V\000E\000D}{subsection.7.19.2}% 224
\BOOKMARK [1][-]{section.7.20}{\376\377\000m\000e\000a\000s\000u\000r\000e\000d\000\137\000d\000a\000t\000a\000\137\000t\000\040\000S\000t\000r\000u\000c\000t\000\040\000R\000e\000f\000e\000r\000e\000n\000c\000e}{chapter.7}% 225
\BOOKMARK [2][-]{subsection.7.20.1}{\376\377\000D\000e\000t\000a\000i\000l\000e\000d\000\040\000D\000e\000s\000c\000r\000i\000p\000t\000i\000o\000n}{section.7.20}% 226
\BOOKMARK [2][-]{subsection.7.20.2}{\376\377\000F\000i\000e\000l\000d\000\040\000D\000o\000c\000u\000m\000e\000n\000t\000a\000t\000i\000o\000n}{section.7.20}% 227
\BOOKMARK [3][-]{subsubsection.7.20.2.1}{\376\377\000p\000h\000a\000s\000e\000\137\000a}{subsection.7.20.2}% 228
\BOOKMARK [3][-]{subsubsection.7.20.2.2}{\376\377\000p\000h\000a\000s\000e\000\137\000b}{subsection.7.20.2}% 229
\BOOKMARK [3][-]{subsubsection.7.20.2.3}{\376\377\000p\000h\000a\000s\000e\000\137\000c}{subsection.7.20.2}% 230
\BOOKMARK [1][-]{section.7.21}{\376\377\000p\000h\000a\000s\000e\000\137\000d\000a\000t\000a\000\137\000t\000\040\000S\000t\000r\000u\000c\000t\000\040\000R\000e\000f\000e\000r\000e\000n\000c\000e}{chapter.7}% 231
\BOOKMARK [2][-]{subsection.7.21.1}{\376\377\000D\000e\000t\000a\000i\000l\000e\000d\000\040\000D\000e\000s\000c\000r\000i\000p\000t\000i\000o\000n}{section.7.21}% 232
\BOOKMARK [2][-]{subsection.7.21.2}{\376\377\000F\000i\000e\000l\000d\000\040\000D\000o\000c\000u\000m\000e\000n\000t\000a\000t\000i\000o\000n}{section.7.21}% 233
\BOOKMARK [3][-]{subsubsection.7.21.2.1}{\376\377\000I\000R\000M\000S}{subsection.7.21.2}% 234
\BOOKMARK [3][-]{subsubsection.7.21.2.2}{\376\377\000P\000O\000W\000E\000R}{subsection.7.21.2}% 235
\BOOKMARK [3][-]{subsubsection.7.21.2.3}{\376\377\000V\000R\000M\000S}{subsection.7.21.2}% 236
\BOOKMARK [3][-]{subsubsection.7.21.2.4}{\376\377\000W\000H}{subsection.7.21.2}% 237
\BOOKMARK [1][-]{section.7.22}{\376\377\000p\000h\000s\000i\000g\000n\000\137\000r\000e\000g\000\137\000u\000\040\000U\000n\000i\000o\000n\000\040\000R\000e\000f\000e\000r\000e\000n\000c\000e}{chapter.7}% 238
\BOOKMARK [2][-]{subsection.7.22.1}{\376\377\000D\000e\000t\000a\000i\000l\000e\000d\000\040\000D\000e\000s\000c\000r\000i\000p\000t\000i\000o\000n}{section.7.22}% 239
\BOOKMARK [2][-]{subsection.7.22.2}{\376\377\000F\000i\000e\000l\000d\000\040\000D\000o\000c\000u\000m\000e\000n\000t\000a\000t\000i\000o\000n}{section.7.22}% 240
\BOOKMARK [3][-]{subsubsection.7.22.2.1}{\376\377\000A\000F\000V\000A\000R\000S\000I\000G\000N}{subsection.7.22.2}% 241
\BOOKMARK [3][-]{subsubsection.7.22.2.2}{\376\377\000A\000W\000S\000I\000G\000N}{subsection.7.22.2}% 242
\BOOKMARK [3][-]{subsubsection.7.22.2.3}{\376\377\000B\000F\000V\000A\000R\000S\000I\000G\000N}{subsection.7.22.2}% 243
\BOOKMARK [3][-]{subsubsection.7.22.2.4}{\376\377\000b\000i\000t\000s}{subsection.7.22.2}% 244
\BOOKMARK [3][-]{subsubsection.7.22.2.5}{\376\377\000B\000W\000S\000I\000G\000N}{subsection.7.22.2}% 245
\BOOKMARK [3][-]{subsubsection.7.22.2.6}{\376\377\000C\000F\000V\000A\000R\000S\000I\000G\000N}{subsection.7.22.2}% 246
\BOOKMARK [3][-]{subsubsection.7.22.2.7}{\376\377\000C\000W\000S\000I\000G\000N}{subsection.7.22.2}% 247
\BOOKMARK [3][-]{subsubsection.7.22.2.8}{\376\377\000r\000e\000g\000\137\000a\000l\000l}{subsection.7.22.2}% 248
\BOOKMARK [3][-]{subsubsection.7.22.2.9}{\376\377\000R\000E\000S\000E\000R\000V\000E\000D}{subsection.7.22.2}% 249
\BOOKMARK [3][-]{subsubsection.7.22.2.10}{\376\377\000S\000U\000M\0001\000S\000I\000G\000N}{subsection.7.22.2}% 250
\BOOKMARK [3][-]{subsubsection.7.22.2.11}{\376\377\000S\000U\000M\0002\000S\000I\000G\000N}{subsection.7.22.2}% 251
\BOOKMARK [3][-]{subsubsection.7.22.2.12}{\376\377\000S\000U\000M\0003\000S\000I\000G\000N}{subsection.7.22.2}% 252
\BOOKMARK [1][-]{section.7.23}{\376\377\000s\000t\000a\000t\000u\000s\0000\000\137\000r\000e\000g\000\137\000u\000\040\000U\000n\000i\000o\000n\000\040\000R\000e\000f\000e\000r\000e\000n\000c\000e}{chapter.7}% 253
\BOOKMARK [2][-]{subsection.7.23.1}{\376\377\000D\000e\000t\000a\000i\000l\000e\000d\000\040\000D\000e\000s\000c\000r\000i\000p\000t\000i\000o\000n}{section.7.23}% 254
\BOOKMARK [2][-]{subsection.7.23.2}{\376\377\000F\000i\000e\000l\000d\000\040\000D\000o\000c\000u\000m\000e\000n\000t\000a\000t\000i\000o\000n}{section.7.23}% 255
\BOOKMARK [3][-]{subsubsection.7.23.2.1}{\376\377\000b\000i\000t\000s}{subsection.7.23.2}% 256
\BOOKMARK [3][-]{subsubsection.7.23.2.2}{\376\377\000D\000R\000E\000A\000D\000Y}{subsection.7.23.2}% 257
\BOOKMARK [3][-]{subsubsection.7.23.2.3}{\376\377\000H\000R\000E\000A\000D\000Y}{subsection.7.23.2}% 258
\BOOKMARK [3][-]{subsubsection.7.23.2.4}{\376\377\000N\000O\000T\000\137\000U\000S\000E\000D}{subsection.7.23.2}% 259
\BOOKMARK [3][-]{subsubsection.7.23.2.5}{\376\377\000r\000e\000g\000\137\000a\000l\000l}{subsection.7.23.2}% 260
\BOOKMARK [3][-]{subsubsection.7.23.2.6}{\376\377\000R\000E\000S\000E\000R\000V\000E\000D}{subsection.7.23.2}% 261
\BOOKMARK [3][-]{subsubsection.7.23.2.7}{\376\377\000R\000E\000V\000P\000S\000U\000M\0003}{subsection.7.23.2}% 262
\BOOKMARK [1][-]{section.7.24}{\376\377\000s\000t\000a\000t\000u\000s\0001\000\137\000r\000e\000g\000\137\000u\000\040\000U\000n\000i\000o\000n\000\040\000R\000e\000f\000e\000r\000e\000n\000c\000e}{chapter.7}% 263
\BOOKMARK [2][-]{subsection.7.24.1}{\376\377\000D\000e\000t\000a\000i\000l\000e\000d\000\040\000D\000e\000s\000c\000r\000i\000p\000t\000i\000o\000n}{section.7.24}% 264
\BOOKMARK [2][-]{subsection.7.24.2}{\376\377\000F\000i\000e\000l\000d\000\040\000D\000o\000c\000u\000m\000e\000n\000t\000a\000t\000i\000o\000n}{section.7.24}% 265
\BOOKMARK [3][-]{subsubsection.7.24.2.1}{\376\377\000b\000i\000t\000s}{subsection.7.24.2}% 266
\BOOKMARK [3][-]{subsubsection.7.24.2.2}{\376\377\000r\000e\000g\000\137\000a\000l\000l}{subsection.7.24.2}% 267
\BOOKMARK [1][-]{section.7.25}{\376\377\000v\000a\000l\000u\000e\000\137\000u\000t\000\040\000U\000n\000i\000o\000n\000\040\000R\000e\000f\000e\000r\000e\000n\000c\000e}{chapter.7}% 268
\BOOKMARK [2][-]{subsection.7.25.1}{\376\377\000D\000e\000t\000a\000i\000l\000e\000d\000\040\000D\000e\000s\000c\000r\000i\000p\000t\000i\000o\000n}{section.7.25}% 269
\BOOKMARK [2][-]{subsection.7.25.2}{\376\377\000F\000i\000e\000l\000d\000\040\000D\000o\000c\000u\000m\000e\000n\000t\000a\000t\000i\000o\000n}{section.7.25}% 270
\BOOKMARK [3][-]{subsubsection.7.25.2.1}{\376\377\000r\000e\000g\0001\0006}{subsection.7.25.2}% 271
\BOOKMARK [3][-]{subsubsection.7.25.2.2}{\376\377\000r\000e\000g\0003\0002}{subsection.7.25.2}% 272
\BOOKMARK [3][-]{subsubsection.7.25.2.3}{\376\377\000r\000e\000g\0008}{subsection.7.25.2}% 273
\BOOKMARK [0][-]{chapter.8}{\376\377\000F\000i\000l\000e\000\040\000D\000o\000c\000u\000m\000e\000n\000t\000a\000t\000i\000o\000n}{}% 274
\BOOKMARK [1][-]{section.8.1}{\376\377\000a\000d\000e\0007\0008\0008\0000\000\137\000d\000r\000i\000v\000e\000r\000.\000c\000\040\000F\000i\000l\000e\000\040\000R\000e\000f\000e\000r\000e\000n\000c\000e}{chapter.8}% 275
\BOOKMARK [2][-]{subsection.8.1.1}{\376\377\000D\000e\000t\000a\000i\000l\000e\000d\000\040\000D\000e\000s\000c\000r\000i\000p\000t\000i\000o\000n}{section.8.1}% 276
\BOOKMARK [1][-]{section.8.2}{\376\377\000a\000d\000e\0007\0008\0008\0000\000\137\000d\000r\000i\000v\000e\000r\000.\000c}{chapter.8}% 277
\BOOKMARK [1][-]{section.8.3}{\376\377\000a\000d\000e\0007\0008\0008\0000\000\137\000r\000e\000g\000i\000s\000t\000e\000r\000s\000.\000h\000\040\000F\000i\000l\000e\000\040\000R\000e\000f\000e\000r\000e\000n\000c\000e}{chapter.8}% 278
\BOOKMARK [2][-]{subsection.8.3.1}{\376\377\000D\000e\000t\000a\000i\000l\000e\000d\000\040\000D\000e\000s\000c\000r\000i\000p\000t\000i\000o\000n}{section.8.3}% 279
\BOOKMARK [2][-]{subsection.8.3.2}{\376\377\000M\000a\000c\000r\000o\000\040\000D\000e\000f\000i\000n\000i\000t\000i\000o\000n\000\040\000D\000o\000c\000u\000m\000e\000n\000t\000a\000t\000i\000o\000n}{section.8.3}% 280
\BOOKMARK [3][-]{subsubsection.8.3.2.1}{\376\377\000A\000C\000C\000M\000O\000D\000E}{subsection.8.3.2}% 281
\BOOKMARK [3][-]{subsubsection.8.3.2.2}{\376\377\000A\000F\000I\000R\000M\000S\000O\000S}{subsection.8.3.2}% 282
\BOOKMARK [3][-]{subsubsection.8.3.2.3}{\376\377\000A\000F\000V\000A\000R}{subsection.8.3.2}% 283
\BOOKMARK [3][-]{subsubsection.8.3.2.4}{\376\377\000A\000F\000V\000A\000R\000H\000R}{subsection.8.3.2}% 284
\BOOKMARK [3][-]{subsubsection.8.3.2.5}{\376\377\000A\000F\000V\000A\000R\000O\000S}{subsection.8.3.2}% 285
\BOOKMARK [3][-]{subsubsection.8.3.2.6}{\376\377\000A\000F\000V\000R\000M\000S\000O\000S}{subsection.8.3.2}% 286
\BOOKMARK [3][-]{subsubsection.8.3.2.7}{\376\377\000A\000F\000W\000A\000T\000T\000H\000R}{subsection.8.3.2}% 287
\BOOKMARK [3][-]{subsubsection.8.3.2.8}{\376\377\000A\000F\000W\000A\000T\000T\000O\000S}{subsection.8.3.2}% 288
\BOOKMARK [3][-]{subsubsection.8.3.2.9}{\376\377\000A\000I\000G\000A\000I\000N}{subsection.8.3.2}% 289
\BOOKMARK [3][-]{subsubsection.8.3.2.10}{\376\377\000A\000I\000M\000A\000V}{subsection.8.3.2}% 290
\BOOKMARK [3][-]{subsubsection.8.3.2.11}{\376\377\000A\000I\000R\000M\000S}{subsection.8.3.2}% 291
\BOOKMARK [3][-]{subsubsection.8.3.2.12}{\376\377\000A\000I\000R\000M\000S\000O\000S}{subsection.8.3.2}% 292
\BOOKMARK [3][-]{subsubsection.8.3.2.13}{\376\377\000A\000N\000G\000L\000E\0000}{subsection.8.3.2}% 293
\BOOKMARK [3][-]{subsubsection.8.3.2.14}{\376\377\000A\000N\000G\000L\000E\0001}{subsection.8.3.2}% 294
\BOOKMARK [3][-]{subsubsection.8.3.2.15}{\376\377\000A\000N\000G\000L\000E\0002}{subsection.8.3.2}% 295
\BOOKMARK [3][-]{subsubsection.8.3.2.16}{\376\377\000A\000P\000E\000R\000I\000O\000D}{subsection.8.3.2}% 296
\BOOKMARK [3][-]{subsubsection.8.3.2.17}{\376\377\000A\000P\000F}{subsection.8.3.2}% 297
\BOOKMARK [3][-]{subsubsection.8.3.2.18}{\376\377\000A\000P\000G\000A\000I\000N}{subsection.8.3.2}% 298
\BOOKMARK [3][-]{subsubsection.8.3.2.19}{\376\377\000A\000P\000H\000C\000A\000L}{subsection.8.3.2}% 299
\BOOKMARK [3][-]{subsubsection.8.3.2.20}{\376\377\000A\000P\000N\000O\000L\000O\000A\000D}{subsection.8.3.2}% 300
\BOOKMARK [3][-]{subsubsection.8.3.2.21}{\376\377\000A\000V\000A}{subsection.8.3.2}% 301
\BOOKMARK [3][-]{subsubsection.8.3.2.22}{\376\377\000A\000V\000A\000H\000R}{subsection.8.3.2}% 302
\BOOKMARK [3][-]{subsubsection.8.3.2.23}{\376\377\000A\000V\000G\000A\000I\000N}{subsection.8.3.2}% 303
\BOOKMARK [3][-]{subsubsection.8.3.2.24}{\376\377\000A\000V\000R\000M\000S}{subsection.8.3.2}% 304
\BOOKMARK [3][-]{subsubsection.8.3.2.25}{\376\377\000A\000V\000R\000M\000S\000O\000S}{subsection.8.3.2}% 305
\BOOKMARK [3][-]{subsubsection.8.3.2.26}{\376\377\000A\000W\000A\000T\000T}{subsection.8.3.2}% 306
\BOOKMARK [3][-]{subsubsection.8.3.2.27}{\376\377\000A\000W\000A\000T\000T\000H\000R}{subsection.8.3.2}% 307
\BOOKMARK [3][-]{subsubsection.8.3.2.28}{\376\377\000A\000W\000A\000T\000T\000O\000S}{subsection.8.3.2}% 308
\BOOKMARK [3][-]{subsubsection.8.3.2.29}{\376\377\000B\000F\000I\000R\000M\000S\000O\000S}{subsection.8.3.2}% 309
\BOOKMARK [3][-]{subsubsection.8.3.2.30}{\376\377\000B\000F\000V\000A\000R}{subsection.8.3.2}% 310
\BOOKMARK [3][-]{subsubsection.8.3.2.31}{\376\377\000B\000F\000V\000A\000R\000H\000R}{subsection.8.3.2}% 311
\BOOKMARK [3][-]{subsubsection.8.3.2.32}{\376\377\000B\000F\000V\000A\000R\000O\000S}{subsection.8.3.2}% 312
\BOOKMARK [3][-]{subsubsection.8.3.2.33}{\376\377\000B\000F\000V\000R\000M\000S\000O\000S}{subsection.8.3.2}% 313
\BOOKMARK [3][-]{subsubsection.8.3.2.34}{\376\377\000B\000F\000W\000A\000T\000T\000H\000R}{subsection.8.3.2}% 314
\BOOKMARK [3][-]{subsubsection.8.3.2.35}{\376\377\000B\000F\000W\000A\000T\000T\000O\000S}{subsection.8.3.2}% 315
\BOOKMARK [3][-]{subsubsection.8.3.2.36}{\376\377\000B\000I\000G\000A\000I\000N}{subsection.8.3.2}% 316
\BOOKMARK [3][-]{subsubsection.8.3.2.37}{\376\377\000B\000I\000M\000A\000V}{subsection.8.3.2}% 317
\BOOKMARK [3][-]{subsubsection.8.3.2.38}{\376\377\000B\000I\000R\000M\000S}{subsection.8.3.2}% 318
\BOOKMARK [3][-]{subsubsection.8.3.2.39}{\376\377\000B\000I\000R\000M\000S\000O\000S}{subsection.8.3.2}% 319
\BOOKMARK [3][-]{subsubsection.8.3.2.40}{\376\377\000B\000P\000E\000R\000I\000O\000D}{subsection.8.3.2}% 320
\BOOKMARK [3][-]{subsubsection.8.3.2.41}{\376\377\000B\000P\000F}{subsection.8.3.2}% 321
\BOOKMARK [3][-]{subsubsection.8.3.2.42}{\376\377\000B\000P\000G\000A\000I\000N}{subsection.8.3.2}% 322
\BOOKMARK [3][-]{subsubsection.8.3.2.43}{\376\377\000B\000P\000H\000C\000A\000L}{subsection.8.3.2}% 323
\BOOKMARK [3][-]{subsubsection.8.3.2.44}{\376\377\000B\000V\000A}{subsection.8.3.2}% 324
\BOOKMARK [3][-]{subsubsection.8.3.2.45}{\376\377\000B\000V\000A\000H\000R}{subsection.8.3.2}% 325
\BOOKMARK [3][-]{subsubsection.8.3.2.46}{\376\377\000B\000V\000G\000A\000I\000N}{subsection.8.3.2}% 326
\BOOKMARK [3][-]{subsubsection.8.3.2.47}{\376\377\000B\000V\000R\000M\000S}{subsection.8.3.2}% 327
\BOOKMARK [3][-]{subsubsection.8.3.2.48}{\376\377\000B\000V\000R\000M\000S\000O\000S}{subsection.8.3.2}% 328
\BOOKMARK [3][-]{subsubsection.8.3.2.49}{\376\377\000B\000W\000A\000T\000T}{subsection.8.3.2}% 329
\BOOKMARK [3][-]{subsubsection.8.3.2.50}{\376\377\000B\000W\000A\000T\000T\000H\000R}{subsection.8.3.2}% 330
\BOOKMARK [3][-]{subsubsection.8.3.2.51}{\376\377\000B\000W\000A\000T\000T\000O\000S}{subsection.8.3.2}% 331
\BOOKMARK [3][-]{subsubsection.8.3.2.52}{\376\377\000C\000F\0001\000D\000E\000N}{subsection.8.3.2}% 332
\BOOKMARK [3][-]{subsubsection.8.3.2.53}{\376\377\000C\000F\0002\000D\000E\000N}{subsection.8.3.2}% 333
\BOOKMARK [3][-]{subsubsection.8.3.2.54}{\376\377\000C\000F\0003\000D\000E\000N}{subsection.8.3.2}% 334
\BOOKMARK [3][-]{subsubsection.8.3.2.55}{\376\377\000C\000F\000C\000Y\000C}{subsection.8.3.2}% 335
\BOOKMARK [3][-]{subsubsection.8.3.2.56}{\376\377\000C\000F\000I\000R\000M\000S\000O\000S}{subsection.8.3.2}% 336
\BOOKMARK [3][-]{subsubsection.8.3.2.57}{\376\377\000C\000F\000M\000O\000D\000E}{subsection.8.3.2}% 337
\BOOKMARK [3][-]{subsubsection.8.3.2.58}{\376\377\000C\000F\000V\000A\000R}{subsection.8.3.2}% 338
\BOOKMARK [3][-]{subsubsection.8.3.2.59}{\376\377\000C\000F\000V\000A\000R\000H\000R}{subsection.8.3.2}% 339
\BOOKMARK [3][-]{subsubsection.8.3.2.60}{\376\377\000C\000F\000V\000A\000R\000O\000S}{subsection.8.3.2}% 340
\BOOKMARK [3][-]{subsubsection.8.3.2.61}{\376\377\000C\000F\000V\000R\000M\000S\000O\000S}{subsection.8.3.2}% 341
\BOOKMARK [3][-]{subsubsection.8.3.2.62}{\376\377\000C\000F\000W\000A\000T\000T\000H\000R}{subsection.8.3.2}% 342
\BOOKMARK [3][-]{subsubsection.8.3.2.63}{\376\377\000C\000F\000W\000A\000T\000T\000O\000S}{subsection.8.3.2}% 343
\BOOKMARK [3][-]{subsubsection.8.3.2.64}{\376\377\000C\000H\000E\000C\000K\000S\000U\000M}{subsection.8.3.2}% 344
\BOOKMARK [3][-]{subsubsection.8.3.2.65}{\376\377\000C\000I\000G\000A\000I\000N}{subsection.8.3.2}% 345
\BOOKMARK [3][-]{subsubsection.8.3.2.66}{\376\377\000C\000I\000M\000A\000V}{subsection.8.3.2}% 346
\BOOKMARK [3][-]{subsubsection.8.3.2.67}{\376\377\000C\000I\000R\000M\000S}{subsection.8.3.2}% 347
\BOOKMARK [3][-]{subsubsection.8.3.2.68}{\376\377\000C\000I\000R\000M\000S\000O\000S}{subsection.8.3.2}% 348
\BOOKMARK [3][-]{subsubsection.8.3.2.69}{\376\377\000C\000O\000M\000P\000M\000O\000D\000E}{subsection.8.3.2}% 349
\BOOKMARK [3][-]{subsubsection.8.3.2.70}{\376\377\000C\000O\000N\000F\000I\000G}{subsection.8.3.2}% 350
\BOOKMARK [3][-]{subsubsection.8.3.2.71}{\376\377\000C\000O\000N\000F\000I\000G\0002}{subsection.8.3.2}% 351
\BOOKMARK [3][-]{subsubsection.8.3.2.72}{\376\377\000C\000O\000N\000F\000I\000G\0003}{subsection.8.3.2}% 352
\BOOKMARK [3][-]{subsubsection.8.3.2.73}{\376\377\000C\000O\000N\000F\000I\000G\0003\000\137\000D\000E\000F\000U\000L\000T}{subsection.8.3.2}% 353
\BOOKMARK [3][-]{subsubsection.8.3.2.74}{\376\377\000C\000P\000E\000R\000I\000O\000D}{subsection.8.3.2}% 354
\BOOKMARK [3][-]{subsubsection.8.3.2.75}{\376\377\000C\000P\000F}{subsection.8.3.2}% 355
\BOOKMARK [3][-]{subsubsection.8.3.2.76}{\376\377\000C\000P\000G\000A\000I\000N}{subsection.8.3.2}% 356
\BOOKMARK [3][-]{subsubsection.8.3.2.77}{\376\377\000C\000P\000H\000C\000A\000L}{subsection.8.3.2}% 357
\BOOKMARK [3][-]{subsubsection.8.3.2.78}{\376\377\000C\000V\000A}{subsection.8.3.2}% 358
\BOOKMARK [3][-]{subsubsection.8.3.2.79}{\376\377\000C\000V\000A\000H\000R}{subsection.8.3.2}% 359
\BOOKMARK [3][-]{subsubsection.8.3.2.80}{\376\377\000C\000V\000G\000A\000I\000N}{subsection.8.3.2}% 360
\BOOKMARK [3][-]{subsubsection.8.3.2.81}{\376\377\000C\000V\000R\000M\000S}{subsection.8.3.2}% 361
\BOOKMARK [3][-]{subsubsection.8.3.2.82}{\376\377\000C\000V\000R\000M\000S\000O\000S}{subsection.8.3.2}% 362
\BOOKMARK [3][-]{subsubsection.8.3.2.83}{\376\377\000C\000W\000A\000T\000T}{subsection.8.3.2}% 363
\BOOKMARK [3][-]{subsubsection.8.3.2.84}{\376\377\000C\000W\000A\000T\000T\000H\000R}{subsection.8.3.2}% 364
\BOOKMARK [3][-]{subsubsection.8.3.2.85}{\376\377\000C\000W\000A\000T\000T\000O\000S}{subsection.8.3.2}% 365
\BOOKMARK [3][-]{subsubsection.8.3.2.86}{\376\377\000D\000I\000C\000O\000E\000F\000F}{subsection.8.3.2}% 366
\BOOKMARK [3][-]{subsubsection.8.3.2.87}{\376\377\000D\000U\000M\000M\000I\000Y}{subsection.8.3.2}% 367
\BOOKMARK [3][-]{subsubsection.8.3.2.88}{\376\377\000F\000I\000R\000M\000S}{subsection.8.3.2}% 368
\BOOKMARK [3][-]{subsubsection.8.3.2.89}{\376\377\000F\000P\000F}{subsection.8.3.2}% 369
\BOOKMARK [3][-]{subsubsection.8.3.2.90}{\376\377\000F\000V\000A}{subsection.8.3.2}% 370
\BOOKMARK [3][-]{subsubsection.8.3.2.91}{\376\377\000F\000V\000A\000R}{subsection.8.3.2}% 371
\BOOKMARK [3][-]{subsubsection.8.3.2.92}{\376\377\000F\000V\000R\000M\000S}{subsection.8.3.2}% 372
\BOOKMARK [3][-]{subsubsection.8.3.2.93}{\376\377\000F\000W\000A\000T\000T}{subsection.8.3.2}% 373
\BOOKMARK [3][-]{subsubsection.8.3.2.94}{\376\377\000G\000A\000I\000N}{subsection.8.3.2}% 374
\BOOKMARK [3][-]{subsubsection.8.3.2.95}{\376\377\000G\000A\000I\000N\000\137\0001}{subsection.8.3.2}% 375
\BOOKMARK [3][-]{subsubsection.8.3.2.96}{\376\377\000G\000A\000I\000N\000\137\0001\0006}{subsection.8.3.2}% 376
\BOOKMARK [3][-]{subsubsection.8.3.2.97}{\376\377\000G\000A\000I\000N\000\137\0002}{subsection.8.3.2}% 377
\BOOKMARK [3][-]{subsubsection.8.3.2.98}{\376\377\000G\000A\000I\000N\000\137\0004}{subsection.8.3.2}% 378
\BOOKMARK [3][-]{subsubsection.8.3.2.99}{\376\377\000G\000A\000I\000N\000\137\0008}{subsection.8.3.2}% 379
\BOOKMARK [3][-]{subsubsection.8.3.2.100}{\376\377\000H\000C\000O\000N\000F\000I\000G}{subsection.8.3.2}% 380
\BOOKMARK [3][-]{subsubsection.8.3.2.101}{\376\377\000H\000P\000G\000A\000I\000N}{subsection.8.3.2}% 381
\BOOKMARK [3][-]{subsubsection.8.3.2.102}{\376\377\000H\000S\000D\000C\000\137\000C\000F\000G}{subsection.8.3.2}% 382
\BOOKMARK [3][-]{subsubsection.8.3.2.103}{\376\377\000H\000X\000\137\000r\000e\000g}{subsection.8.3.2}% 383
\BOOKMARK [3][-]{subsubsection.8.3.2.104}{\376\377\000H\000X\000I\000H\000D}{subsection.8.3.2}% 384
\BOOKMARK [3][-]{subsubsection.8.3.2.105}{\376\377\000H\000X\000I\000R\000M\000S}{subsection.8.3.2}% 385
\BOOKMARK [3][-]{subsubsection.8.3.2.106}{\376\377\000H\000X\000I\000R\000M\000S\000O\000S}{subsection.8.3.2}% 386
\BOOKMARK [3][-]{subsubsection.8.3.2.107}{\376\377\000H\000X\000P\000F}{subsection.8.3.2}% 387
\BOOKMARK [3][-]{subsubsection.8.3.2.108}{\376\377\000H\000X\000V\000A}{subsection.8.3.2}% 388
\BOOKMARK [3][-]{subsubsection.8.3.2.109}{\376\377\000H\000X\000V\000A\000R}{subsection.8.3.2}% 389
\BOOKMARK [3][-]{subsubsection.8.3.2.110}{\376\377\000H\000X\000V\000A\000R\000O\000S}{subsection.8.3.2}% 390
\BOOKMARK [3][-]{subsubsection.8.3.2.111}{\376\377\000H\000X\000V\000H\000D}{subsection.8.3.2}% 391
\BOOKMARK [3][-]{subsubsection.8.3.2.112}{\376\377\000H\000X\000V\000R\000M\000S}{subsection.8.3.2}% 392
\BOOKMARK [3][-]{subsubsection.8.3.2.113}{\376\377\000H\000X\000V\000R\000M\000S\000O\000S}{subsection.8.3.2}% 393
\BOOKMARK [3][-]{subsubsection.8.3.2.114}{\376\377\000H\000X\000W\000A\000T\000T}{subsection.8.3.2}% 394
\BOOKMARK [3][-]{subsubsection.8.3.2.115}{\376\377\000H\000X\000W\000A\000T\000T\000O\000S}{subsection.8.3.2}% 395
\BOOKMARK [3][-]{subsubsection.8.3.2.116}{\376\377\000H\000Y\000\137\000r\000e\000g}{subsection.8.3.2}% 396
\BOOKMARK [3][-]{subsubsection.8.3.2.117}{\376\377\000H\000Y\000I\000H\000D}{subsection.8.3.2}% 397
\BOOKMARK [3][-]{subsubsection.8.3.2.118}{\376\377\000H\000Y\000I\000R\000M\000S}{subsection.8.3.2}% 398
\BOOKMARK [3][-]{subsubsection.8.3.2.119}{\376\377\000H\000Y\000I\000R\000M\000S\000O\000S}{subsection.8.3.2}% 399
\BOOKMARK [3][-]{subsubsection.8.3.2.120}{\376\377\000H\000Y\000P\000F}{subsection.8.3.2}% 400
\BOOKMARK [3][-]{subsubsection.8.3.2.121}{\376\377\000H\000Y\000V\000A}{subsection.8.3.2}% 401
\BOOKMARK [3][-]{subsubsection.8.3.2.122}{\376\377\000H\000Y\000V\000A\000R}{subsection.8.3.2}% 402
\BOOKMARK [3][-]{subsubsection.8.3.2.123}{\376\377\000H\000Y\000V\000A\000R\000O\000S}{subsection.8.3.2}% 403
\BOOKMARK [3][-]{subsubsection.8.3.2.124}{\376\377\000H\000Y\000V\000H\000D}{subsection.8.3.2}% 404
\BOOKMARK [3][-]{subsubsection.8.3.2.125}{\376\377\000H\000Y\000V\000R\000M\000S}{subsection.8.3.2}% 405
\BOOKMARK [3][-]{subsubsection.8.3.2.126}{\376\377\000H\000Y\000V\000R\000M\000S\000O\000S}{subsection.8.3.2}% 406
\BOOKMARK [3][-]{subsubsection.8.3.2.127}{\376\377\000H\000Y\000W\000A\000T\000T}{subsection.8.3.2}% 407
\BOOKMARK [3][-]{subsubsection.8.3.2.128}{\376\377\000H\000Y\000W\000A\000T\000T\000O\000S}{subsection.8.3.2}% 408
\BOOKMARK [3][-]{subsubsection.8.3.2.129}{\376\377\000H\000Z\000\137\000r\000e\000g}{subsection.8.3.2}% 409
\BOOKMARK [3][-]{subsubsection.8.3.2.130}{\376\377\000H\000Z\000I\000H\000D}{subsection.8.3.2}% 410
\BOOKMARK [3][-]{subsubsection.8.3.2.131}{\376\377\000H\000Z\000I\000R\000M\000S}{subsection.8.3.2}% 411
\BOOKMARK [3][-]{subsubsection.8.3.2.132}{\376\377\000H\000Z\000I\000R\000M\000S\000O\000S}{subsection.8.3.2}% 412
\BOOKMARK [3][-]{subsubsection.8.3.2.133}{\376\377\000H\000Z\000P\000F}{subsection.8.3.2}% 413
\BOOKMARK [3][-]{subsubsection.8.3.2.134}{\376\377\000H\000Z\000V\000A}{subsection.8.3.2}% 414
\BOOKMARK [3][-]{subsubsection.8.3.2.135}{\376\377\000H\000Z\000V\000A\000R}{subsection.8.3.2}% 415
\BOOKMARK [3][-]{subsubsection.8.3.2.136}{\376\377\000H\000Z\000V\000A\000R\000O\000S}{subsection.8.3.2}% 416
\BOOKMARK [3][-]{subsubsection.8.3.2.137}{\376\377\000H\000Z\000V\000H\000D}{subsection.8.3.2}% 417
\BOOKMARK [3][-]{subsubsection.8.3.2.138}{\376\377\000H\000Z\000V\000R\000M\000S}{subsection.8.3.2}% 418
\BOOKMARK [3][-]{subsubsection.8.3.2.139}{\376\377\000H\000Z\000V\000R\000M\000S\000O\000S}{subsection.8.3.2}% 419
\BOOKMARK [3][-]{subsubsection.8.3.2.140}{\376\377\000H\000Z\000W\000A\000T\000T}{subsection.8.3.2}% 420
\BOOKMARK [3][-]{subsubsection.8.3.2.141}{\376\377\000H\000Z\000W\000A\000T\000T\000O\000S}{subsection.8.3.2}% 421
\BOOKMARK [3][-]{subsubsection.8.3.2.142}{\376\377\000I\000A\000W\000V}{subsection.8.3.2}% 422
\BOOKMARK [3][-]{subsubsection.8.3.2.143}{\376\377\000I\000B\000W\000V}{subsection.8.3.2}% 423
\BOOKMARK [3][-]{subsubsection.8.3.2.144}{\376\377\000I\000C\000W\000V}{subsection.8.3.2}% 424
\BOOKMARK [3][-]{subsubsection.8.3.2.145}{\376\377\000I\000N\000W\000V}{subsection.8.3.2}% 425
\BOOKMARK [3][-]{subsubsection.8.3.2.146}{\376\377\000I\000P\000E\000A\000K}{subsection.8.3.2}% 426
\BOOKMARK [3][-]{subsubsection.8.3.2.147}{\376\377\000I\000S\000U\000M}{subsection.8.3.2}% 427
\BOOKMARK [3][-]{subsubsection.8.3.2.148}{\376\377\000I\000S\000U\000M\000L\000V\000L}{subsection.8.3.2}% 428
\BOOKMARK [3][-]{subsubsection.8.3.2.149}{\376\377\000I\000T\000H\000D\000N}{subsection.8.3.2}% 429
\BOOKMARK [3][-]{subsubsection.8.3.2.150}{\376\377\000L\000A\000S\000T\000\137\000A\000D\000D}{subsection.8.3.2}% 430
\BOOKMARK [3][-]{subsubsection.8.3.2.151}{\376\377\000L\000A\000S\000T\000\137\000O\000P}{subsection.8.3.2}% 431
\BOOKMARK [3][-]{subsubsection.8.3.2.152}{\376\377\000L\000A\000S\000T\000\137\000R\000W\000D\000A\000T\000A\0001\0006}{subsection.8.3.2}% 432
\BOOKMARK [3][-]{subsubsection.8.3.2.153}{\376\377\000L\000A\000S\000T\000\137\000R\000W\000D\000A\000T\000A\0003\0002}{subsection.8.3.2}% 433
\BOOKMARK [3][-]{subsubsection.8.3.2.154}{\376\377\000L\000A\000S\000T\000\137\000R\000W\000D\000A\000T\000A\0008}{subsection.8.3.2}% 434
\BOOKMARK [3][-]{subsubsection.8.3.2.155}{\376\377\000L\000A\000S\000T\000\137\000R\000W\000D\000A\000T\000A\000\137\0001\0006\000b\000i\000t}{subsection.8.3.2}% 435
\BOOKMARK [3][-]{subsubsection.8.3.2.156}{\376\377\000L\000A\000S\000T\000\137\000R\000W\000D\000A\000T\000A\000\137\0002\0004\000b\000i\000t}{subsection.8.3.2}% 436
\BOOKMARK [3][-]{subsubsection.8.3.2.157}{\376\377\000L\000A\000S\000T\000\137\000R\000W\000D\000A\000T\000A\000\137\0008\000b\000i\000t}{subsection.8.3.2}% 437
\BOOKMARK [3][-]{subsubsection.8.3.2.158}{\376\377\000L\000C\000Y\000C\000M\000O\000D\000E}{subsection.8.3.2}% 438
\BOOKMARK [3][-]{subsubsection.8.3.2.159}{\376\377\000L\000I\000N\000E\000C\000Y\000C}{subsection.8.3.2}% 439
\BOOKMARK [3][-]{subsubsection.8.3.2.160}{\376\377\000L\000P\000O\000I\000L\000V\000L}{subsection.8.3.2}% 440
\BOOKMARK [3][-]{subsubsection.8.3.2.161}{\376\377\000M\000A\000S\000K\0000}{subsection.8.3.2}% 441
\BOOKMARK [3][-]{subsubsection.8.3.2.162}{\376\377\000M\000A\000S\000K\0001}{subsection.8.3.2}% 442
\BOOKMARK [3][-]{subsubsection.8.3.2.163}{\376\377\000M\000M\000O\000D\000E}{subsection.8.3.2}% 443
\BOOKMARK [3][-]{subsubsection.8.3.2.164}{\376\377\000M\000O\000D\000E\000\137\0000\000\137\0000}{subsection.8.3.2}% 444
\BOOKMARK [3][-]{subsubsection.8.3.2.165}{\376\377\000M\000O\000D\000E\000\137\0000\000\137\0001}{subsection.8.3.2}% 445
\BOOKMARK [3][-]{subsubsection.8.3.2.166}{\376\377\000M\000O\000D\000E\000\137\0001\000\137\0000}{subsection.8.3.2}% 446
\BOOKMARK [3][-]{subsubsection.8.3.2.167}{\376\377\000M\000O\000D\000E\000\137\0001\000\137\0001}{subsection.8.3.2}% 447
\BOOKMARK [3][-]{subsubsection.8.3.2.168}{\376\377\000N\000I\000G\000A\000I\000N}{subsection.8.3.2}% 448
\BOOKMARK [3][-]{subsubsection.8.3.2.169}{\376\377\000N\000I\000R\000M\000S}{subsection.8.3.2}% 449
\BOOKMARK [3][-]{subsubsection.8.3.2.170}{\376\377\000N\000I\000R\000M\000S\000O\000S}{subsection.8.3.2}% 450
\BOOKMARK [3][-]{subsubsection.8.3.2.171}{\376\377\000O\000I\000L\000V\000L}{subsection.8.3.2}% 451
\BOOKMARK [3][-]{subsubsection.8.3.2.172}{\376\377\000O\000V\000L\000V\000L}{subsection.8.3.2}% 452
\BOOKMARK [3][-]{subsubsection.8.3.2.173}{\376\377\000P\000E\000A\000K\000C\000Y\000C}{subsection.8.3.2}% 453
\BOOKMARK [3][-]{subsubsection.8.3.2.174}{\376\377\000P\000H\000N\000O\000L\000O\000A\000D}{subsection.8.3.2}% 454
\BOOKMARK [3][-]{subsubsection.8.3.2.175}{\376\377\000P\000H\000S\000I\000G\000N}{subsection.8.3.2}% 455
\BOOKMARK [3][-]{subsubsection.8.3.2.176}{\376\377\000P\000H\000S\000T\000A\000T\000U\000S}{subsection.8.3.2}% 456
\BOOKMARK [3][-]{subsubsection.8.3.2.177}{\376\377\000R\000U\000N}{subsection.8.3.2}% 457
\BOOKMARK [3][-]{subsubsection.8.3.2.178}{\376\377\000S\000A\000G\000C\000Y\000C}{subsection.8.3.2}% 458
\BOOKMARK [3][-]{subsubsection.8.3.2.179}{\376\377\000S\000A\000G\000L\000V\000L}{subsection.8.3.2}% 459
\BOOKMARK [3][-]{subsubsection.8.3.2.180}{\376\377\000S\000T\000A\000T\000U\000S\0000}{subsection.8.3.2}% 460
\BOOKMARK [3][-]{subsubsection.8.3.2.181}{\376\377\000S\000T\000A\000T\000U\000S\0001}{subsection.8.3.2}% 461
\BOOKMARK [3][-]{subsubsection.8.3.2.182}{\376\377\000V\000A\000N\000O\000L\000O\000A\000D}{subsection.8.3.2}% 462
\BOOKMARK [3][-]{subsubsection.8.3.2.183}{\376\377\000V\000A\000R\000N\000O\000L\000O\000A\000D}{subsection.8.3.2}% 463
\BOOKMARK [3][-]{subsubsection.8.3.2.184}{\376\377\000V\000A\000R\000T\000H\000R}{subsection.8.3.2}% 464
\BOOKMARK [3][-]{subsubsection.8.3.2.185}{\376\377\000V\000A\000R\000T\000H\000R\000\137\000D\000E\000F\000U\000L\000T}{subsection.8.3.2}% 465
\BOOKMARK [3][-]{subsubsection.8.3.2.186}{\376\377\000V\000A\000T\000H\000R}{subsection.8.3.2}% 466
\BOOKMARK [3][-]{subsubsection.8.3.2.187}{\376\377\000V\000A\000T\000H\000R\000\137\000D\000E\000F\000U\000L\000T}{subsection.8.3.2}% 467
\BOOKMARK [3][-]{subsubsection.8.3.2.188}{\376\377\000V\000A\000W\000V}{subsection.8.3.2}% 468
\BOOKMARK [3][-]{subsubsection.8.3.2.189}{\376\377\000V\000B\000W\000V}{subsection.8.3.2}% 469
\BOOKMARK [3][-]{subsubsection.8.3.2.190}{\376\377\000V\000C\000W\000V}{subsection.8.3.2}% 470
\BOOKMARK [3][-]{subsubsection.8.3.2.191}{\376\377\000V\000e\000r\000s\000i\000o\000n}{subsection.8.3.2}% 471
\BOOKMARK [3][-]{subsubsection.8.3.2.192}{\376\377\000V\000L\000E\000V\000E\000L}{subsection.8.3.2}% 472
\BOOKMARK [3][-]{subsubsection.8.3.2.193}{\376\377\000V\000L\000E\000V\000E\000L\000\137\000D\000E\000F\000U\000L\000T}{subsection.8.3.2}% 473
\BOOKMARK [3][-]{subsubsection.8.3.2.194}{\376\377\000V\000N\000O\000M}{subsection.8.3.2}% 474
\BOOKMARK [3][-]{subsubsection.8.3.2.195}{\376\377\000V\000P\000E\000A\000K}{subsection.8.3.2}% 475
\BOOKMARK [3][-]{subsubsection.8.3.2.196}{\376\377\000V\000T\000H\000D\000N}{subsection.8.3.2}% 476
\BOOKMARK [3][-]{subsubsection.8.3.2.197}{\376\377\000W\000T\000H\000R}{subsection.8.3.2}% 477
\BOOKMARK [3][-]{subsubsection.8.3.2.198}{\376\377\000W\000T\000H\000R\000\137\000D\000E\000F\000U\000L\000T}{subsection.8.3.2}% 478
\BOOKMARK [3][-]{subsubsection.8.3.2.199}{\376\377\000Z\000X\000T\000O\000U\000T}{subsection.8.3.2}% 479
\BOOKMARK [2][-]{subsection.8.3.3}{\376\377\000T\000y\000p\000e\000d\000e\000f\000\040\000D\000o\000c\000u\000m\000e\000n\000t\000a\000t\000i\000o\000n}{section.8.3}% 480
\BOOKMARK [3][-]{subsubsection.8.3.3.1}{\376\377\000a\000c\000c\000m\000o\000d\000e\000\137\000r\000e\000g\000\137\000u}{subsection.8.3.3}% 481
\BOOKMARK [3][-]{subsubsection.8.3.3.2}{\376\377\000p\000g\000a\000\137\000e\000t}{subsection.8.3.3}% 482
\BOOKMARK [2][-]{subsection.8.3.4}{\376\377\000E\000n\000u\000m\000e\000r\000a\000t\000i\000o\000n\000\040\000T\000y\000p\000e\000\040\000D\000o\000c\000u\000m\000e\000n\000t\000a\000t\000i\000o\000n}{section.8.3}% 483
\BOOKMARK [3][-]{subsubsection.8.3.4.1}{\376\377\000m\000o\000d\000e\000\137\000e\000t}{subsection.8.3.4}% 484
\BOOKMARK [3][-]{subsubsection.8.3.4.2}{\376\377\000p\000g\000a\000\137\000e\000t}{subsection.8.3.4}% 485
\BOOKMARK [1][-]{section.8.4}{\376\377\000a\000d\000e\0007\0008\0008\0000\000\137\000r\000e\000g\000i\000s\000t\000e\000r\000s\000.\000h}{chapter.8}% 486
\BOOKMARK [1][-]{section.8.5}{\376\377\000i\000n\000c\000l\000u\000d\000e\000s\000.\000h\000\040\000F\000i\000l\000e\000\040\000R\000e\000f\000e\000r\000e\000n\000c\000e}{chapter.8}% 487
\BOOKMARK [2][-]{subsection.8.5.1}{\376\377\000D\000e\000t\000a\000i\000l\000e\000d\000\040\000D\000e\000s\000c\000r\000i\000p\000t\000i\000o\000n}{section.8.5}% 488
\BOOKMARK [2][-]{subsection.8.5.2}{\376\377\000M\000a\000c\000r\000o\000\040\000D\000e\000f\000i\000n\000i\000t\000i\000o\000n\000\040\000D\000o\000c\000u\000m\000e\000n\000t\000a\000t\000i\000o\000n}{section.8.5}% 489
\BOOKMARK [3][-]{subsubsection.8.5.2.1}{\376\377\000\137\000V\000N\000O\000M\000A\000E\000N}{subsection.8.5.2}% 490
\BOOKMARK [3][-]{subsubsection.8.5.2.2}{\376\377\000C\000H\000I\000P\000\137\000A\000D\000D\000R\000E\000S\000S\0001}{subsection.8.5.2}% 491
\BOOKMARK [3][-]{subsubsection.8.5.2.3}{\376\377\000C\000O\000N\000F\000I\000G\000\137\000C\000M\000D\000\137\000F\000O\000R\000M\000A\000T}{subsection.8.5.2}% 492
\BOOKMARK [3][-]{subsubsection.8.5.2.4}{\376\377\000C\000O\000N\000F\000I\000G\000\137\000F\000I\000L\000E\000\137\000N\000A\000M\000E}{subsection.8.5.2}% 493
\BOOKMARK [3][-]{subsubsection.8.5.2.5}{\376\377\000D\000I\000S\000A\000B\000L\000E}{subsection.8.5.2}% 494
\BOOKMARK [3][-]{subsubsection.8.5.2.6}{\376\377\000D\000S\000P\000\137\000S\000T\000A\000R\000T}{subsection.8.5.2}% 495
\BOOKMARK [3][-]{subsubsection.8.5.2.7}{\376\377\000E\000N\000A\000B\000L\000E}{subsection.8.5.2}% 496
\BOOKMARK [3][-]{subsubsection.8.5.2.8}{\376\377\000I\000L\000S\000B\000\137\000C\000O\000N\000S\000T}{subsection.8.5.2}% 497
\BOOKMARK [3][-]{subsubsection.8.5.2.9}{\376\377\000P\000S\000M\0000}{subsection.8.5.2}% 498
\BOOKMARK [3][-]{subsubsection.8.5.2.10}{\376\377\000P\000S\000M\0001}{subsection.8.5.2}% 499
\BOOKMARK [3][-]{subsubsection.8.5.2.11}{\376\377\000P\000S\000M\0002}{subsection.8.5.2}% 500
\BOOKMARK [3][-]{subsubsection.8.5.2.12}{\376\377\000P\000S\000M\0003}{subsection.8.5.2}% 501
\BOOKMARK [3][-]{subsubsection.8.5.2.13}{\376\377\000T\000R\000A\000N\000S\000F\000O\000R\000M\000E\000R\000\137\000R\000A\000T\000I\000O}{subsection.8.5.2}% 502
\BOOKMARK [3][-]{subsubsection.8.5.2.14}{\376\377\000T\000Y\000P\000E}{subsection.8.5.2}% 503
\BOOKMARK [3][-]{subsubsection.8.5.2.15}{\376\377\000V\000L\000S\000B\000\137\000C\000O\000N\000S\000T}{subsection.8.5.2}% 504
\BOOKMARK [3][-]{subsubsection.8.5.2.16}{\376\377\000W\000A\000T\000T\000L\000S\000B\000\137\000C\000O\000N\000S\000T}{subsection.8.5.2}% 505
\BOOKMARK [3][-]{subsubsection.8.5.2.17}{\376\377\000W\000H\000L\000S\000B\000\137\000C\000O\000N\000S\000T}{subsection.8.5.2}% 506
\BOOKMARK [1][-]{section.8.6}{\376\377\000i\000n\000c\000l\000u\000d\000e\000s\000.\000h}{chapter.8}% 507
\BOOKMARK [1][-]{section.8.7}{\376\377\000r\000p\000i\000\137\000h\000w\000i\000o\000.\000c\000\040\000F\000i\000l\000e\000\040\000R\000e\000f\000e\000r\000e\000n\000c\000e}{chapter.8}% 508
\BOOKMARK [2][-]{subsection.8.7.1}{\376\377\000D\000e\000t\000a\000i\000l\000e\000d\000\040\000D\000e\000s\000c\000r\000i\000p\000t\000i\000o\000n}{section.8.7}% 509
\BOOKMARK [1][-]{section.8.8}{\376\377\000r\000p\000i\000\137\000h\000w\000i\000o\000.\000c}{chapter.8}% 510
\BOOKMARK [1][-]{section.8.9}{\376\377\000r\000p\000i\000\137\000h\000w\000i\000o\000.\000h\000\040\000F\000i\000l\000e\000\040\000R\000e\000f\000e\000r\000e\000n\000c\000e}{chapter.8}% 511
\BOOKMARK [2][-]{subsection.8.9.1}{\376\377\000D\000e\000t\000a\000i\000l\000e\000d\000\040\000D\000e\000s\000c\000r\000i\000p\000t\000i\000o\000n}{section.8.9}% 512
\BOOKMARK [2][-]{subsection.8.9.2}{\376\377\000M\000a\000c\000r\000o\000\040\000D\000e\000f\000i\000n\000i\000t\000i\000o\000n\000\040\000D\000o\000c\000u\000m\000e\000n\000t\000a\000t\000i\000o\000n}{section.8.9}% 513
\BOOKMARK [3][-]{subsubsection.8.9.2.1}{\376\377\000P\000I\000N\000\137\000I\000R\000Q\0000}{subsection.8.9.2}% 514
\BOOKMARK [3][-]{subsubsection.8.9.2.2}{\376\377\000P\000I\000N\000\137\000I\000R\000Q\0001}{subsection.8.9.2}% 515
\BOOKMARK [3][-]{subsubsection.8.9.2.3}{\376\377\000P\000I\000N\000\137\000P\000M\0000}{subsection.8.9.2}% 516
\BOOKMARK [3][-]{subsubsection.8.9.2.4}{\376\377\000P\000I\000N\000\137\000P\000M\0001}{subsection.8.9.2}% 517
\BOOKMARK [3][-]{subsubsection.8.9.2.5}{\376\377\000P\000I\000N\000\137\000S\000S}{subsection.8.9.2}% 518
\BOOKMARK [3][-]{subsubsection.8.9.2.6}{\376\377\000P\000I\000N\000\137\000S\000S\0002}{subsection.8.9.2}% 519
\BOOKMARK [1][-]{section.8.10}{\376\377\000r\000p\000i\000\137\000h\000w\000i\000o\000.\000h}{chapter.8}% 520
\BOOKMARK [1][-]{section.8.11}{\376\377\000s\000p\000i\000\137\000a\000d\000e\0007\0008\0008\0000\000\137\000p\000r\000o\000t\000o\000c\000o\000l\000.\000c\000\040\000F\000i\000l\000e\000\040\000R\000e\000f\000e\000r\000e\000n\000c\000e}{chapter.8}% 521
\BOOKMARK [2][-]{subsection.8.11.1}{\376\377\000D\000e\000t\000a\000i\000l\000e\000d\000\040\000D\000e\000s\000c\000r\000i\000p\000t\000i\000o\000n}{section.8.11}% 522
\BOOKMARK [1][-]{section.8.12}{\376\377\000s\000p\000i\000\137\000a\000d\000e\0007\0008\0008\0000\000\137\000p\000r\000o\000t\000o\000c\000o\000l\000.\000c}{chapter.8}% 523
\BOOKMARK [1][-]{section.8.13}{\376\377\000s\000p\000i\000\137\000a\000d\000e\0007\0008\0008\0000\000\137\000p\000r\000o\000t\000o\000c\000o\000l\000.\000h\000\040\000F\000i\000l\000e\000\040\000R\000e\000f\000e\000r\000e\000n\000c\000e}{chapter.8}% 524
\BOOKMARK [2][-]{subsection.8.13.1}{\376\377\000D\000e\000t\000a\000i\000l\000e\000d\000\040\000D\000e\000s\000c\000r\000i\000p\000t\000i\000o\000n}{section.8.13}% 525
\BOOKMARK [2][-]{subsection.8.13.2}{\376\377\000M\000a\000c\000r\000o\000\040\000D\000e\000f\000i\000n\000i\000t\000i\000o\000n\000\040\000D\000o\000c\000u\000m\000e\000n\000t\000a\000t\000i\000o\000n}{section.8.13}% 526
\BOOKMARK [3][-]{subsubsection.8.13.2.1}{\376\377\000A\000D\000E\0007\0008\0008\0000\000\137\000R\000D}{subsection.8.13.2}% 527
\BOOKMARK [3][-]{subsubsection.8.13.2.2}{\376\377\000A\000D\000E\0007\0008\0008\0000\000\137\000W\000R}{subsection.8.13.2}% 528
\BOOKMARK [3][-]{subsubsection.8.13.2.3}{\376\377\000D\000U\000M\000M\000Y\000\137\000M\000S\000G}{subsection.8.13.2}% 529
\BOOKMARK [3][-]{subsubsection.8.13.2.4}{\376\377\000R\000A\000M\000\137\000L\000O\000C\000K\000\137\000M\000S\000G\000\137\000L\000E\000N\000G\000T\000H}{subsection.8.13.2}% 530
\BOOKMARK [3][-]{subsubsection.8.13.2.5}{\376\377\000R\000D\000\137\000M\000S\000G\000\137\000L\000E\000N\000G\000T\000H}{subsection.8.13.2}% 531
\BOOKMARK [3][-]{subsubsection.8.13.2.6}{\376\377\000R\000E\000G\000\137\000L\000E\000N\000G\000T\000H}{subsection.8.13.2}% 532
\BOOKMARK [3][-]{subsubsection.8.13.2.7}{\376\377\000W\000R\000\137\000M\000S\000G\000\137\000L\000E\000N\000G\000T\000H}{subsection.8.13.2}% 533
\BOOKMARK [2][-]{subsection.8.13.3}{\376\377\000F\000u\000n\000c\000t\000i\000o\000n\000\040\000D\000o\000c\000u\000m\000e\000n\000t\000a\000t\000i\000o\000n}{section.8.13}% 534
\BOOKMARK [3][-]{subsubsection.8.13.3.1}{\376\377\000\137\000\137\000a\000t\000t\000r\000i\000b\000u\000t\000e\000\137\000\137}{subsection.8.13.3}% 535
\BOOKMARK [2][-]{subsection.8.13.4}{\376\377\000V\000a\000r\000i\000a\000b\000l\000e\000\040\000D\000o\000c\000u\000m\000e\000n\000t\000a\000t\000i\000o\000n}{section.8.13}% 536
\BOOKMARK [3][-]{subsubsection.8.13.4.1}{\376\377\000a\000d\000d\000r\000e\000s\000s\000\137\000b\000y\000t\000e}{subsection.8.13.4}% 537
\BOOKMARK [3][-]{subsubsection.8.13.4.2}{\376\377\000r\000c\000\137\000a\000r\000g}{subsection.8.13.4}% 538
\BOOKMARK [3][-]{subsubsection.8.13.4.3}{\376\377\000r\000e\000g\0001\0006}{subsection.8.13.4}% 539
\BOOKMARK [3][-]{subsubsection.8.13.4.4}{\376\377\000r\000e\000g\0003\0002}{subsection.8.13.4}% 540
\BOOKMARK [3][-]{subsubsection.8.13.4.5}{\376\377\000r\000e\000g\0008}{subsection.8.13.4}% 541
\BOOKMARK [3][-]{subsubsection.8.13.4.6}{\376\377\000t\000a\000r\000g\000e\000t\000\137\000r\000e\000g\000i\000s\000t\000e\000r}{subsection.8.13.4}% 542
\BOOKMARK [3][-]{subsubsection.8.13.4.7}{\376\377\000v\000a\000l\000u\000e}{subsection.8.13.4}% 543
\BOOKMARK [1][-]{section.8.14}{\376\377\000s\000p\000i\000\137\000a\000d\000e\0007\0008\0008\0000\000\137\000p\000r\000o\000t\000o\000c\000o\000l\000.\000h}{chapter.8}% 544
\BOOKMARK [1][-]{section.8.15}{\376\377\000s\000r\000v\000\137\000c\000m\000d\000\137\000h\000a\000n\000d\000l\000e\000r\000.\000c\000\040\000F\000i\000l\000e\000\040\000R\000e\000f\000e\000r\000e\000n\000c\000e}{chapter.8}% 545
\BOOKMARK [2][-]{subsection.8.15.1}{\376\377\000D\000e\000t\000a\000i\000l\000e\000d\000\040\000D\000e\000s\000c\000r\000i\000p\000t\000i\000o\000n}{section.8.15}% 546
\BOOKMARK [1][-]{section.8.16}{\376\377\000s\000r\000v\000\137\000c\000m\000d\000\137\000h\000a\000n\000d\000l\000e\000r\000.\000c}{chapter.8}% 547
\BOOKMARK [1][-]{section.8.17}{\376\377\000s\000r\000v\000\137\000c\000m\000d\000\137\000h\000a\000n\000d\000l\000e\000r\000.\000h\000\040\000F\000i\000l\000e\000\040\000R\000e\000f\000e\000r\000e\000n\000c\000e}{chapter.8}% 548
\BOOKMARK [2][-]{subsection.8.17.1}{\376\377\000D\000e\000t\000a\000i\000l\000e\000d\000\040\000D\000e\000s\000c\000r\000i\000p\000t\000i\000o\000n}{section.8.17}% 549
\BOOKMARK [2][-]{subsection.8.17.2}{\376\377\000M\000a\000c\000r\000o\000\040\000D\000e\000f\000i\000n\000i\000t\000i\000o\000n\000\040\000D\000o\000c\000u\000m\000e\000n\000t\000a\000t\000i\000o\000n}{section.8.17}% 550
\BOOKMARK [3][-]{subsubsection.8.17.2.1}{\376\377\000A\000D\000E\0007\0008\0008\0000\000\137\000R\000E\000S\000E\000T}{subsection.8.17.2}% 551
\BOOKMARK [3][-]{subsubsection.8.17.2.2}{\376\377\000A\000D\000E\0007\0008\0008\0000\000\137\000S\000P\000I\000\137\000P\000O\000R\000T\000\137\000A\000C\000T\000I\000V\000A\000T\000E}{subsection.8.17.2}% 552
\BOOKMARK [3][-]{subsubsection.8.17.2.3}{\376\377\000D\000S\000P\000\137\000R\000U\000N}{subsection.8.17.2}% 553
\BOOKMARK [3][-]{subsubsection.8.17.2.4}{\376\377\000L\000I\000N\000E}{subsection.8.17.2}% 554
\BOOKMARK [3][-]{subsubsection.8.17.2.5}{\376\377\000P\000H\000A\000S\000E\000\137\000A}{subsection.8.17.2}% 555
\BOOKMARK [3][-]{subsubsection.8.17.2.6}{\376\377\000P\000H\000A\000S\000E\000\137\000A\000C\000T\000I\000V\000E\000\137\000P\000O\000W\000E\000R}{subsection.8.17.2}% 556
\BOOKMARK [3][-]{subsubsection.8.17.2.7}{\376\377\000P\000H\000A\000S\000E\000\137\000A\000C\000T\000I\000V\000E\000\137\000W\000H}{subsection.8.17.2}% 557
\BOOKMARK [3][-]{subsubsection.8.17.2.8}{\376\377\000P\000H\000A\000S\000E\000\137\000B}{subsection.8.17.2}% 558
\BOOKMARK [3][-]{subsubsection.8.17.2.9}{\376\377\000P\000H\000A\000S\000E\000\137\000C}{subsection.8.17.2}% 559
\BOOKMARK [3][-]{subsubsection.8.17.2.10}{\376\377\000P\000H\000A\000S\000E\000\137\000I\000R\000M\000S}{subsection.8.17.2}% 560
\BOOKMARK [3][-]{subsubsection.8.17.2.11}{\376\377\000P\000H\000A\000S\000E\000\137\000V\000R\000M\000S}{subsection.8.17.2}% 561
\BOOKMARK [3][-]{subsubsection.8.17.2.12}{\376\377\000P\000O\000W\000E\000R\000\137\000M\000O\000D\000E}{subsection.8.17.2}% 562
\BOOKMARK [3][-]{subsubsection.8.17.2.13}{\376\377\000S\000E\000T\000\137\000R\000A\000M\000\137\000W\000R\000\137\000P\000R\000O\000T\000E\000C\000T\000I\000O\000N}{subsection.8.17.2}% 563
\BOOKMARK [3][-]{subsubsection.8.17.2.14}{\376\377\000T\000H\000R\000E\000S\000H\000O\000L\000D}{subsection.8.17.2}% 564
\BOOKMARK [3][-]{subsubsection.8.17.2.15}{\376\377\000T\000O\000T\000A\000L\000\137\000A\000C\000T\000I\000V\000E\000\137\000P\000O\000W\000E\000R}{subsection.8.17.2}% 565
\BOOKMARK [3][-]{subsubsection.8.17.2.16}{\376\377\000T\000O\000T\000A\000L\000\137\000A\000C\000T\000I\000V\000E\000\137\000W\000H}{subsection.8.17.2}% 566
\BOOKMARK [2][-]{subsection.8.17.3}{\376\377\000F\000u\000n\000c\000t\000i\000o\000n\000\040\000D\000o\000c\000u\000m\000e\000n\000t\000a\000t\000i\000o\000n}{section.8.17}% 567
\BOOKMARK [3][-]{subsubsection.8.17.3.1}{\376\377\000m\000a\000s\000k\0002\0004}{subsection.8.17.3}% 568
\BOOKMARK [1][-]{section.8.18}{\376\377\000s\000r\000v\000\137\000c\000m\000d\000\137\000h\000a\000n\000d\000l\000e\000r\000.\000h}{chapter.8}% 569
\BOOKMARK [-1][-]{section.8.18}{\376\377\000I\000n\000d\000e\000x}{}% 570
